|vl|00005|0|-4.7759e-02|2.2975e-01|-9.0498e-01|3.0206e-04|-2.6701e-04|4.0825e-04|
|vl|00005|2|-1.3336e-02|1.9637e-01|-8.4925e-01|2.7065e-04|-2.8930e-04|5.1970e-04|
|vl|00005|4|1.7089e-02|1.6040e-01|-7.8101e-01|2.3572e-04|-3.1022e-04|6.1683e-04|
|vl|00005|6|4.3222e-02|1.2203e-01|-7.0202e-01|1.9942e-04|-3.2942e-04|6.9882e-04|
|vl|00005|8|6.5010e-02|8.1494e-02|-6.1411e-01|1.6353e-04|-3.4641e-04|7.6563e-04|
|vl|00005|10|8.2587e-02|3.9075e-02|-5.1906e-01|1.2943e-04|-3.6070e-04|8.1780e-04|
|vl|00005|12|9.6227e-02|-4.8697e-03|-4.1858e-01|9.8043e-05|-3.7181e-04|8.5631e-04|
|vl|00005|14|1.0629e-01|-4.9936e-02|-3.1425e-01|6.9887e-05|-3.7938e-04|8.8233e-04|
|vl|00005|16|1.1318e-01|-9.5685e-02|-2.0747e-01|4.5167e-05|-3.8317e-04|8.9716e-04|
|vl|00005|18|1.1731e-01|-1.4165e-01|-9.9516e-02|2.3840e-05|-3.8308e-04|9.0211e-04|
|vl|00005|20|1.1907e-01|-1.8738e-01|8.5010e-03|5.6944e-06|-3.7910e-04|8.9842e-04|
|vl|00005|22|1.1883e-01|-2.3239e-01|1.1562e-01|-9.5798e-06|-3.7136e-04|8.8723e-04|
|vl|00005|24|1.1691e-01|-2.7626e-01|2.2099e-01|-2.2345e-05|-3.6004e-04|8.6956e-04|
|vl|00005|26|1.1359e-01|-3.1857e-01|3.2390e-01|-3.2978e-05|-3.4540e-04|8.4632e-04|
|vl|00005|28|1.0910e-01|-3.5893e-01|4.2373e-01|-4.1843e-05|-3.2771e-04|8.1829e-04|
|vl|00005|30|1.0363e-01|-3.9701e-01|5.1995e-01|-4.9282e-05|-3.0729e-04|7.8615e-04|
|vl|00005|32|9.7343e-02|-4.3248e-01|6.1209e-01|-5.5600e-05|-2.8443e-04|7.5047e-04|
|vl|00005|34|9.0345e-02|-4.6508e-01|6.9976e-01|-6.1066e-05|-2.5945e-04|7.1175e-04|
|vl|00005|36|8.2727e-02|-4.9457e-01|7.8263e-01|-6.5913e-05|-2.3265e-04|6.7039e-04|
|vl|00005|38|7.4553e-02|-5.2075e-01|8.6039e-01|-7.0337e-05|-2.0430e-04|6.2674e-04|
|vl|00005|40|6.5864e-02|-5.4346e-01|9.3280e-01|-7.4502e-05|-1.7469e-04|5.8111e-04|
|vl|00005|42|5.6682e-02|-5.6254e-01|9.9963e-01|-7.8540e-05|-1.4405e-04|5.3374e-04|
|vl|00005|44|4.7016e-02|-5.7791e-01|1.0607e+00|-8.2561e-05|-1.1263e-04|4.8483e-04|
|vl|00005|46|3.6863e-02|-5.8947e-01|1.1158e+00|-8.6648e-05|-8.0637e-05|4.3458e-04|
|vl|00005|48|2.6212e-02|-5.9718e-01|1.1648e+00|-9.0866e-05|-4.8291e-05|3.8312e-04|
|vl|00005|50|1.5044e-02|-6.0100e-01|1.2076e+00|-9.5260e-05|-1.5781e-05|3.3059e-04|
|vl|00005|52|3.3369e-03|-6.0092e-01|1.2440e+00|-9.9860e-05|1.6710e-05|2.7711e-04|
|vl|00005|54|-8.9355e-03|-5.9695e-01|1.2740e+00|-1.0468e-04|4.9004e-05|2.2276e-04|
|vl|00005|56|-2.1800e-02|-5.8914e-01|1.2974e+00|-1.0973e-04|8.0933e-05|1.6764e-04|
|vl|00005|58|-3.5282e-02|-5.7753e-01|1.3141e+00|-1.1499e-04|1.1233e-04|1.1183e-04|
|vl|00005|60|-4.9407e-02|-5.6220e-01|1.3241e+00|-1.2044e-04|1.4303e-04|5.5406e-05|
|vl|00005|62|-6.4196e-02|-5.4324e-01|1.3273e+00|-1.2605e-04|1.7288e-04|-1.5541e-06|
|vl|00005|64|-7.9665e-02|-5.2076e-01|1.3237e+00|-1.3178e-04|2.0170e-04|-5.8972e-05|
|vl|00005|66|-9.5824e-02|-4.9489e-01|1.3132e+00|-1.3755e-04|2.2933e-04|-1.1677e-04|
|vl|00005|68|-1.1268e-01|-4.6580e-01|1.2957e+00|-1.4331e-04|2.5559e-04|-1.7485e-04|
|vl|00005|70|-1.3021e-01|-4.3365e-01|1.2713e+00|-1.4896e-04|2.8030e-04|-2.3311e-04|
|vl|00005|72|-1.4842e-01|-3.9863e-01|1.2398e+00|-1.5441e-04|3.0328e-04|-2.9143e-04|
|vl|00005|74|-1.6726e-01|-3.6099e-01|1.2014e+00|-1.5952e-04|3.2431e-04|-3.4968e-04|
|vl|00005|76|-1.8669e-01|-3.2094e-01|1.1560e+00|-1.6416e-04|3.4319e-04|-4.0770e-04|
|vl|00005|78|-2.0664e-01|-2.7878e-01|1.1037e+00|-1.6816e-04|3.5970e-04|-4.6528e-04|
|vl|00005|80|-2.2702e-01|-2.3479e-01|1.0445e+00|-1.7134e-04|3.7359e-04|-5.2219e-04|
|vl|00005|82|-2.4773e-01|-1.8931e-01|9.7848e-01|-1.7347e-04|3.8464e-04|-5.7816e-04|
|vl|00005|84|-2.6861e-01|-1.4269e-01|9.0586e-01|-1.7431e-04|3.9257e-04|-6.3285e-04|
|vl|00005|86|-2.8951e-01|-9.5325e-02|8.2678e-01|-1.7357e-04|3.9713e-04|-6.8585e-04|
|vl|00005|88|-3.1020e-01|-4.7632e-02|7.4147e-01|-1.7095e-04|3.9806e-04|-7.3669e-04|
|vl|00005|90|-3.3045e-01|-6.3506e-05|6.5021e-01|-1.6610e-04|3.9510e-04|-7.8479e-04|
|vl|00005|92|-3.4997e-01|4.6900e-02|5.5338e-01|-1.5864e-04|3.8802e-04|-8.2948e-04|
|vl|00005|94|-3.6841e-01|9.2751e-02|4.5143e-01|-1.4818e-04|3.7661e-04|-8.6996e-04|
|vl|00005|96|-3.8538e-01|1.3696e-01|3.4492e-01|-1.3431e-04|3.6072e-04|-9.0530e-04|
|vl|00005|98|-4.0047e-01|1.7898e-01|2.3453e-01|-1.1665e-04|3.4025e-04|-9.3443e-04|
|vl|00005|100|-4.1318e-01|2.1827e-01|1.2108e-01|-9.4822e-05|3.1520e-04|-9.5613e-04|
|vl|00005|102|-4.2300e-01|2.5428e-01|5.5484e-03|-6.8561e-05|2.8571e-04|-9.6906e-04|
|vl|00005|104|-4.2939e-01|2.8650e-01|-1.1093e-01|-3.7718e-05|2.5206e-04|-9.7174e-04|
|vl|00005|106|-4.3180e-01|3.1446e-01|-2.2703e-01|-2.3431e-06|2.1469e-04|-9.6262e-04|
|vl|00005|108|-4.2971e-01|3.3773e-01|-3.4125e-01|3.7242e-05|1.7424e-04|-9.4018e-04|
|vl|00005|110|-4.2265e-01|3.5602e-01|-4.5189e-01|8.0372e-05|1.3153e-04|-9.0297e-04|
|vl|00005|112|-4.1026e-01|3.6910e-01|-5.5711e-01|1.2597e-04|8.7539e-05|-8.4981e-04|
|vl|00005|114|-3.9233e-01|3.7688e-01|-6.5495e-01|1.7254e-04|4.3335e-05|-7.7995e-04|
|vl|00005|116|-3.6887e-01|3.7941e-01|-7.4340e-01|2.1814e-04|1.7881e-10|-6.9326e-04|
|vl|00005|118|-3.4011e-01|3.7684e-01|-8.2048e-01|2.6053e-04|-4.1493e-05|-5.9042e-04|
|vl|00005|120|-3.0659e-01|3.6944e-01|-8.8434e-01|2.9734e-04|-8.0390e-05|-4.7303e-04|
|vl|00005|122|-2.6910e-01|3.5756e-01|-9.3339e-01|3.2631e-04|-1.1625e-04|-3.4366e-04|
|vl|00005|124|-2.2871e-01|3.4158e-01|-9.6640e-01|3.4563e-04|-1.4898e-04|-2.0578e-04|
|vl|00005|126|-1.8663e-01|3.2185e-01|-9.8258e-01|3.5414e-04|-1.7882e-04|-6.3492e-05|
|vl|00005|128|-1.4419e-01|2.9870e-01|-9.8167e-01|3.5160e-04|-2.0620e-04|7.8775e-05|
|vl|00005|130|-1.0269e-01|2.7239e-01|-9.6393e-01|3.3863e-04|-2.3163e-04|2.1669e-04|
|vl|00005|132|-6.3283e-02|2.4314e-01|-9.3012e-01|3.1669e-04|-2.5556e-04|3.4637e-04|
|vl|00005|134|-2.6946e-02|2.1111e-01|-8.8141e-01|2.8778e-04|-2.7821e-04|4.6470e-04|
|vl|00005|136|5.6226e-03|1.7645e-01|-8.1931e-01|2.5416e-04|-2.9957e-04|5.6947e-04|
|vl|00005|138|3.3991e-02|1.3932e-01|-7.4553e-01|2.1807e-04|-3.1940e-04|6.5942e-04|
|vl|00005|140|5.7984e-02|9.9928e-02|-6.6187e-01|1.8151e-04|-3.3728e-04|7.3411e-04|
|vl|00005|142|7.7644e-02|5.8536e-02|-5.7014e-01|1.4608e-04|-3.5274e-04|7.9382e-04|
|vl|00005|144|9.3178e-02|1.5461e-02|-4.7212e-01|1.1292e-04|-3.6529e-04|8.3930e-04|
|vl|00005|146|1.0491e-01|-2.8920e-02|-3.6944e-01|8.2765e-05|-3.7450e-04|8.7164e-04|
|vl|00005|148|1.1322e-01|-7.4190e-02|-2.6360e-01|5.5991e-05|-3.8008e-04|8.9211e-04|
|vl|00005|150|1.1853e-01|-1.1990e-01|-1.5595e-01|3.2669e-05|-3.8185e-04|9.0201e-04|
|vl|00005|152|1.2124e-01|-1.6559e-01|-4.7683e-02|1.2673e-05|-3.7977e-04|9.0261e-04|
|vl|00005|154|1.2174e-01|-2.1080e-01|6.0161e-02|-4.2593e-06|-3.7389e-04|8.9512e-04|
|vl|00005|156|1.2037e-01|-2.5508e-01|1.6668e-01|-1.8466e-05|-3.6436e-04|8.8063e-04|
|vl|00005|158|1.1744e-01|-2.9801e-01|2.7108e-01|-3.0319e-05|-3.5140e-04|8.6010e-04|
|vl|00005|160|1.1321e-01|-3.3919e-01|3.7271e-01|-4.0189e-05|-3.3528e-04|8.3438e-04|
|vl|00005|162|1.0789e-01|-3.7826e-01|4.7097e-01|-4.8430e-05|-3.1628e-04|8.0421e-04|
|vl|00005|164|1.0166e-01|-4.1489e-01|5.6538e-01|-5.5367e-05|-2.9472e-04|7.7020e-04|
|vl|00005|166|9.4665e-02|-4.4879e-01|6.5551e-01|-6.1290e-05|-2.7089e-04|7.3289e-04|
|vl|00005|168|8.7003e-02|-4.7972e-01|7.4099e-01|-6.6450e-05|-2.4511e-04|6.9274e-04|
|vl|00005|170|7.8754e-02|-5.0745e-01|8.2150e-01|-7.1062e-05|-2.1764e-04|6.5012e-04|
|vl|00005|172|6.9974e-02|-5.3180e-01|8.9676e-01|-7.5307e-05|-1.8878e-04|6.0537e-04|
|vl|00005|174|6.0696e-02|-5.5261e-01|9.6655e-01|-7.9336e-05|-1.5878e-04|5.5875e-04|
|vl|00005|176|5.0940e-02|-5.6978e-01|1.0306e+00|-8.3271e-05|-1.2787e-04|5.1050e-04|
|vl|00005|178|4.0712e-02|-5.8319e-01|1.0889e+00|-8.7210e-05|-9.6298e-05|4.6081e-04|
|vl|00005|180|3.0006e-02|-5.9280e-01|1.1411e+00|-9.1227e-05|-6.4260e-05|4.0984e-04|
|vl|00005|182|1.8810e-02|-5.9854e-01|1.1871e+00|-9.5378e-05|-3.1959e-05|3.5773e-04|
|vl|00005|184|7.1049e-03|-6.0041e-01|1.2268e+00|-9.9705e-05|4.1683e-07|3.0462e-04|
|vl|00005|186|-5.1308e-03|-5.9840e-01|1.2600e+00|-1.0423e-04|3.2689e-05|2.5059e-04|
|vl|00005|188|-1.7922e-02|-5.9254e-01|1.2868e+00|-1.0896e-04|6.4686e-05|1.9576e-04|
|vl|00005|190|-3.1293e-02|-5.8287e-01|1.3069e+00|-1.1390e-04|9.6241e-05|1.4019e-04|
|vl|00005|192|-4.5268e-02|-5.6945e-01|1.3203e+00|-1.1903e-04|1.2719e-04|8.3981e-05|
|vl|00005|194|-5.9869e-02|-5.5237e-01|1.3270e+00|-1.2433e-04|1.5737e-04|2.7198e-05|
|vl|00005|196|-7.5113e-02|-5.3172e-01|1.3268e+00|-1.2975e-04|1.8662e-04|-3.0078e-05|
|vl|00005|198|-9.1012e-02|-5.0763e-01|1.3198e+00|-1.3525e-04|2.1478e-04|-8.7767e-05|
|vl|00005|200|-1.0757e-01|-4.8025e-01|1.3058e+00|-1.4077e-04|2.4166e-04|-1.4578e-04|
|vl|00005|202|-1.2479e-01|-4.4972e-01|1.2848e+00|-1.4621e-04|2.6710e-04|-2.0403e-04|
|vl|00005|204|-1.4266e-01|-4.1625e-01|1.2568e+00|-1.5150e-04|2.9091e-04|-2.6239e-04|
|vl|00005|206|-1.6114e-01|-3.8002e-01|1.2219e+00|-1.5652e-04|3.1290e-04|-3.2075e-04|
|vl|00005|208|-1.8021e-01|-3.4128e-01|1.1800e+00|-1.6114e-04|3.3285e-04|-3.7894e-04|
|vl|00005|210|-1.9980e-01|-3.0029e-01|1.1311e+00|-1.6521e-04|3.5055e-04|-4.3680e-04|
|vl|00005|212|-2.1984e-01|-2.5732e-01|1.0752e+00|-1.6856e-04|3.6578e-04|-4.9411e-04|
|vl|00005|214|-2.4023e-01|-2.1269e-01|1.0126e+00|-1.7099e-04|3.7829e-04|-5.5061e-04|
|vl|00005|216|-2.6084e-01|-1.6673e-01|9.4326e-01|-1.7226e-04|3.8784e-04|-6.0600e-04|
|vl|00005|218|-2.8152e-01|-1.1983e-01|8.6735e-01|-1.7213e-04|3.9416e-04|-6.5991e-04|
|vl|00005|220|-3.0209e-01|-7.2375e-02|7.8508e-01|-1.7028e-04|3.9699e-04|-7.1190e-04|
|vl|00005|222|-3.2232e-01|-2.4810e-02|6.9671e-01|-1.6641e-04|3.9608e-04|-7.6145e-04|
|vl|00005|224|-3.4194e-01|2.2402e-02|6.0258e-01|-1.6015e-04|3.9117e-04|-8.0794e-04|
|vl|00005|226|-3.6064e-01|6.8769e-02|5.0308e-01|-1.5112e-04|3.8204e-04|-8.5064e-04|
|vl|00005|228|-3.7808e-01|1.1377e-01|3.9873e-01|-1.3892e-04|3.6850e-04|-8.8868e-04|
|vl|00005|230|-3.9383e-01|1.5687e-01|2.9015e-01|-1.2316e-04|3.5043e-04|-9.2107e-04|
|vl|00005|232|-4.0745e-01|1.9753e-01|1.7808e-01|-1.0346e-04|3.2776e-04|-9.4668e-04|
|vl|00005|234|-4.1845e-01|2.3519e-01|6.3405e-02|-7.9488e-05|3.0057e-04|-9.6421e-04|
|vl|00005|236|-4.2629e-01|2.6932e-01|-5.2811e-02|-5.1035e-05|2.6904e-04|-9.7226e-04|
|vl|00005|238|-4.3045e-01|2.9942e-01|-1.6934e-01|-1.8040e-05|2.3353e-04|-9.6932e-04|
|vl|00005|240|-4.3038e-01|3.2506e-01|-2.8477e-01|1.9327e-05|1.9458e-04|-9.5383e-04|
|vl|00005|242|-4.2558e-01|3.4585e-01|-3.9751e-01|6.0590e-05|1.5290e-04|-9.2430e-04|
|vl|00005|244|-4.1565e-01|3.6152e-01|-5.0578e-01|1.0490e-04|1.0941e-04|-8.7940e-04|
|vl|00005|246|-4.0028e-01|3.7193e-01|-6.0769e-01|1.5097e-04|6.5127e-05|-8.1813e-04|
|vl|00005|248|-3.7938e-01|3.7703e-01|-7.0123e-01|1.9711e-04|2.1155e-05|-7.4001e-04|
|vl|00005|250|-3.5305e-01|3.7694e-01|-7.8441e-01|2.4122e-04|-2.1460e-05|-6.4529e-04|
|vl|00005|252|-3.2167e-01|3.7186e-01|-8.5529e-01|2.8097e-04|-6.1826e-05|-5.3507e-04|
|vl|00005|254|-2.8592e-01|3.6211e-01|-9.1214e-01|3.1403e-04|-9.9317e-05|-4.1144e-04|
|vl|00005|256|-2.4670e-01|3.4805e-01|-9.5351e-01|3.3832e-04|-1.3365e-04|-2.7741e-04|
|vl|00005|258|-2.0518e-01|3.3007e-01|-9.7840e-01|3.5230e-04|-1.6489e-04|-1.3678e-04|
|vl|00005|260|-1.6264e-01|3.0852e-01|-9.8625e-01|3.5526e-04|-1.9336e-04|6.1295e-06|
|vl|00005|262|-1.2038e-01|2.8370e-01|-9.7707e-01|3.4736e-04|-2.1958e-04|1.4689e-04|
|vl|00005|264|-7.9674e-02|2.5586e-01|-9.5135e-01|3.2964e-04|-2.4403e-04|2.8136e-04|
|vl|00005|266|-4.1585e-02|2.2518e-01|-9.1008e-01|3.0386e-04|-2.6706e-04|4.0598e-04|
|vl|00005|268|-6.9618e-03|1.9183e-01|-8.5459e-01|2.7217e-04|-2.8881e-04|5.1806e-04|
|vl|00005|270|2.3623e-02|1.5596e-01|-7.8650e-01|2.3685e-04|-3.0917e-04|6.1586e-04|
|vl|00005|272|4.9864e-02|1.1775e-01|-7.0759e-01|2.0006e-04|-3.2780e-04|6.9852e-04|
|vl|00005|274|7.1695e-02|7.7433e-02|-6.1967e-01|1.6360e-04|-3.4428e-04|7.6598e-04|
|vl|00005|276|8.9243e-02|3.5298e-02|-5.2454e-01|1.2887e-04|-3.5811e-04|8.1874e-04|
|vl|00005|278|1.0278e-01|-8.3128e-03|-4.2392e-01|9.6819e-05|-3.6885e-04|8.5777e-04|
|vl|00005|280|1.1266e-01|-5.3006e-02|-3.1938e-01|6.7999e-05|-3.7613e-04|8.8423e-04|
|vl|00005|282|1.1928e-01|-9.8351e-02|-2.1235e-01|4.2632e-05|-3.7972e-04|8.9943e-04|
|vl|00005|284|1.2307e-01|-1.4390e-01|-1.0411e-01|2.0694e-05|-3.7950e-04|9.0467e-04|
|vl|00005|286|1.2442e-01|-1.8919e-01|4.2270e-03|1.9879e-06|-3.7548e-04|9.0119e-04|
|vl|00005|288|1.2371e-01|-2.3377e-01|1.1168e-01|-1.3787e-05|-3.6776e-04|8.9015e-04|
|vl|00005|290|1.2126e-01|-2.7721e-01|2.1741e-01|-2.6988e-05|-3.5653e-04|8.7257e-04|
|vl|00005|292|1.1736e-01|-3.1910e-01|3.2069e-01|-3.7986e-05|-3.4202e-04|8.4936e-04|
|vl|00005|294|1.1225e-01|-3.5907e-01|4.2088e-01|-4.7146e-05|-3.2452e-04|8.2132e-04|
|vl|00005|296|1.0613e-01|-3.9677e-01|5.1745e-01|-5.4810e-05|-3.0431e-04|7.8913e-04|
|vl|00005|298|9.9169e-02|-4.3190e-01|6.0995e-01|-6.1284e-05|-2.8170e-04|7.5336e-04|
|vl|00005|300|9.1484e-02|-4.6419e-01|6.9796e-01|-6.6842e-05|-2.5699e-04|7.1453e-04|
|vl|00005|302|8.3173e-02|-4.9340e-01|7.8115e-01|-7.1716e-05|-2.3048e-04|6.7303e-04|
|vl|00005|304|7.4305e-02|-5.1934e-01|8.5922e-01|-7.6108e-05|-2.0243e-04|6.2923e-04|
|vl|00005|306|6.4929e-02|-5.4184e-01|9.3192e-01|-8.0184e-05|-1.7312e-04|5.8344e-04|
|vl|00005|308|5.5075e-02|-5.6076e-01|9.9902e-01|-8.4082e-05|-1.4279e-04|5.3588e-04|
|vl|00005|310|4.4756e-02|-5.7599e-01|1.0603e+00|-8.7913e-05|-1.1168e-04|4.8680e-04|
|vl|00005|312|3.3976e-02|-5.8746e-01|1.1157e+00|-9.1763e-05|-8.0008e-05|4.3635e-04|
|vl|00005|314|2.2729e-02|-5.9511e-01|1.1649e+00|-9.5702e-05|-4.7968e-05|3.8470e-04|
|vl|00005|316|1.1001e-02|-5.9891e-01|1.2078e+00|-9.9778e-05|-1.5757e-05|3.3198e-04|
|vl|00005|318|-1.2267e-03|-5.9884e-01|1.2444e+00|-1.0402e-04|1.6443e-05|2.7831e-04|
|vl|00005|320|-1.3975e-02|-5.9493e-01|1.2745e+00|-1.0846e-04|4.8459e-05|2.2377e-04|
|vl|00005|322|-2.7266e-02|-5.8720e-01|1.2980e+00|-1.1309e-04|8.0122e-05|1.6847e-04|
|vl|00005|324|-4.1124e-02|-5.7570e-01|1.3148e+00|-1.1790e-04|1.1127e-04|1.1248e-04|
|vl|00005|326|-5.5570e-02|-5.6051e-01|1.3249e+00|-1.2288e-04|1.4174e-04|5.5894e-05|
|vl|00005|328|-7.0622e-02|-5.4172e-01|1.3282e+00|-1.2800e-04|1.7137e-04|-1.2236e-06|
|vl|00005|330|-8.6294e-02|-5.1943e-01|1.3246e+00|-1.3321e-04|1.9999e-04|-5.8790e-05|
|vl|00005|332|-1.0259e-01|-4.9378e-01|1.3141e+00|-1.3847e-04|2.2744e-04|-1.1672e-04|
|vl|00005|334|-1.1952e-01|-4.6492e-01|1.2966e+00|-1.4369e-04|2.5355e-04|-1.7493e-04|
|vl|00005|336|-1.3707e-01|-4.3302e-01|1.2721e+00|-1.4879e-04|2.7813e-04|-2.3330e-04|
|vl|00005|338|-1.5523e-01|-3.9828e-01|1.2407e+00|-1.5369e-04|3.0100e-04|-2.9173e-04|
|vl|00005|340|-1.7395e-01|-3.6091e-01|1.2022e+00|-1.5825e-04|3.2196e-04|-3.5007e-04|
|vl|00005|342|-1.9319e-01|-3.2115e-01|1.1567e+00|-1.6234e-04|3.4079e-04|-4.0816e-04|
|vl|00005|344|-2.1289e-01|-2.7928e-01|1.1044e+00|-1.6581e-04|3.5727e-04|-4.6580e-04|
|vl|00005|346|-2.3296e-01|-2.3558e-01|1.0451e+00|-1.6846e-04|3.7118e-04|-5.2276e-04|
|vl|00005|348|-2.5329e-01|-1.9039e-01|9.7904e-01|-1.7010e-04|3.8225e-04|-5.7877e-04|
|vl|00005|350|-2.7374e-01|-1.4405e-01|9.0635e-01|-1.7046e-04|3.9025e-04|-6.3348e-04|
|vl|00005|352|-2.9415e-01|-9.6959e-02|8.2719e-01|-1.6929e-04|3.9491e-04|-6.8650e-04|
|vl|00005|354|-3.1431e-01|-4.9525e-02|7.4180e-01|-1.6628e-04|3.9596e-04|-7.3734e-04|
|vl|00005|356|-3.3398e-01|-2.1992e-03|6.5046e-01|-1.6109e-04|3.9316e-04|-7.8545e-04|
|vl|00005|358|-3.5287e-01|4.4541e-02|5.5355e-01|-1.5336e-04|3.8625e-04|-8.3014e-04|
|vl|00005|360|-3.7067e-01|9.0191e-02|4.5152e-01|-1.4269e-04|3.7504e-04|-8.7063e-04|
|vl|00005|362|-3.8698e-01|1.3422e-01|3.4493e-01|-1.2870e-04|3.5935e-04|-9.0599e-04|
|vl|00005|364|-4.0138e-01|1.7609e-01|2.3446e-01|-1.1099e-04|3.3908e-04|-9.3516e-04|
|vl|00005|366|-4.1342e-01|2.1525e-01|1.2092e-01|-8.9212e-05|3.1424e-04|-9.5693e-04|
|vl|00005|368|-4.2258e-01|2.5116e-01|5.2845e-03|-6.3089e-05|2.8494e-04|-9.6995e-04|
|vl|00005|370|-4.2832e-01|2.8330e-01|-1.1131e-01|-3.2474e-05|2.5145e-04|-9.7277e-04|
|vl|00005|372|-4.3012e-01|3.1119e-01|-2.2754e-01|2.5905e-06|2.1420e-04|-9.6384e-04|
|vl|00005|374|-4.2746e-01|3.3441e-01|-3.4192e-01|4.1797e-05|1.7381e-04|-9.4163e-04|
|vl|00005|376|-4.1988e-01|3.5265e-01|-4.5274e-01|8.4500e-05|1.3111e-04|-9.0471e-04|
|vl|00005|378|-4.0703e-01|3.6567e-01|-5.5819e-01|1.2966e-04|8.7061e-05|-8.5188e-04|
|vl|00005|380|-3.8868e-01|3.7339e-01|-6.5631e-01|1.7578e-04|4.2740e-05|-7.8239e-04|
|vl|00005|382|-3.6485e-01|3.7583e-01|-7.4507e-01|2.2098e-04|-7.5973e-07|-6.9608e-04|
|vl|00005|384|-3.3578e-01|3.7316e-01|-8.2251e-01|2.6305e-04|-4.2440e-05|-5.9359e-04|
|vl|00005|386|-3.0197e-01|3.6564e-01|-8.8677e-01|2.9962e-04|-8.1515e-05|-4.7649e-04|
|vl|00005|388|-2.6422e-01|3.5362e-01|-9.3625e-01|3.2844e-04|-1.1751e-04|-3.4732e-04|
|vl|00005|390|-2.2357e-01|3.3748e-01|-9.6970e-01|3.4769e-04|-1.5029e-04|-2.0952e-04|
|vl|00005|392|-1.8125e-01|3.1759e-01|-9.8633e-01|3.5618e-04|-1.8006e-04|-6.7160e-05|
|vl|00005|394|-1.3857e-01|2.9431e-01|-9.8585e-01|3.5363e-04|-2.0724e-04|7.5336e-05|
|vl|00005|396|-9.6820e-02|2.6790e-01|-9.6850e-01|3.4062e-04|-2.3236e-04|2.1363e-04|
|vl|00005|398|-5.7184e-02|2.3858e-01|-9.3503e-01|3.1856e-04|-2.5586e-04|3.4381e-04|
|vl|00005|400|-2.0633e-02|2.0655e-01|-8.8659e-01|2.8943e-04|-2.7799e-04|4.6274e-04|
|vl|00005|402|1.2115e-02|1.7194e-01|-8.2468e-01|2.5548e-04|-2.9879e-04|5.6817e-04|
|vl|00005|404|4.0616e-02|1.3494e-01|-7.5101e-01|2.1895e-04|-3.1805e-04|6.5880e-04|
|vl|00005|406|6.4684e-02|9.5744e-02|-6.6738e-01|1.8186e-04|-3.3540e-04|7.3415e-04|
|vl|00005|408|8.4350e-02|5.4608e-02|-5.7562e-01|1.4582e-04|-3.5037e-04|7.9447e-04|
|vl|00005|410|9.9816e-02|1.1845e-02|-4.7748e-01|1.1201e-04|-3.6249e-04|8.4050e-04|
|vl|00005|412|1.1140e-01|-3.2180e-02|-3.7463e-01|8.1198e-05|-3.7137e-04|8.7333e-04|
|vl|00005|414|1.1949e-01|-7.7058e-02|-2.6856e-01|5.3765e-05|-3.7670e-04|8.9420e-04|
|vl|00005|416|1.2449e-01|-1.2235e-01|-1.6064e-01|2.9812e-05|-3.7831e-04|9.0442e-04|
|vl|00005|418|1.2682e-01|-1.6761e-01|-5.2070e-02|9.2293e-06|-3.7614e-04|9.0527e-04|
|vl|00005|420|1.2687e-01|-2.1238e-01|5.6105e-02|-8.2353e-06|-3.7025e-04|8.9796e-04|
|pn|00005|0|-5.0612e-02|2.3011e-01|-9.0511e-01|3.0311e-04|-2.6370e-04|4.1054e-04|
|pn|00005|2|-1.6109e-02|1.9713e-01|-8.4912e-01|2.7096e-04|-2.8591e-04|5.2195e-04|
|pn|00005|4|1.4313e-02|1.6153e-01|-7.8064e-01|2.3534e-04|-3.0692e-04|6.1893e-04|
|pn|00005|6|4.0381e-02|1.2345e-01|-7.0147e-01|1.9843e-04|-3.2635e-04|7.0068e-04|
|pn|00005|8|6.2073e-02|8.3109e-02|-6.1344e-01|1.6207e-04|-3.4368e-04|7.6720e-04|
|pn|00005|10|7.9559e-02|4.0785e-02|-5.1835e-01|1.2764e-04|-3.5838e-04|8.1906e-04|
|pn|00005|12|9.3143e-02|-3.1626e-03|-4.1789e-01|9.6065e-05|-3.6992e-04|8.5726e-04|
|pn|00005|14|1.0321e-01|-4.8316e-02|-3.1362e-01|6.7851e-05|-3.7792e-04|8.8299e-04|
|pn|00005|16|1.1017e-01|-9.4216e-02|-2.0694e-01|4.3174e-05|-3.8210e-04|8.9757e-04|
|pn|00005|18|1.1444e-01|-1.4038e-01|-9.9098e-02|2.1965e-05|-3.8234e-04|9.0232e-04|
|pn|00005|20|1.1642e-01|-1.8631e-01|8.8017e-03|3.9847e-06|-3.7864e-04|8.9847e-04|
|pn|00005|22|1.1646e-01|-2.3155e-01|1.1581e-01|-1.1101e-05|-3.7111e-04|8.8716e-04|
|pn|00005|24|1.1487e-01|-2.7562e-01|2.2109e-01|-2.3675e-05|-3.5996e-04|8.6942e-04|
|pn|00005|26|1.1191e-01|-3.1811e-01|3.2392e-01|-3.4129e-05|-3.4543e-04|8.4613e-04|
|pn|00005|28|1.0781e-01|-3.5862e-01|4.2370e-01|-4.2836e-05|-3.2781e-04|8.1809e-04|
|pn|00005|30|1.0273e-01|-3.9681e-01|5.1989e-01|-5.0145e-05|-3.0742e-04|7.8594e-04|
|pn|00005|32|9.6827e-02|-4.3237e-01|6.1203e-01|-5.6364e-05|-2.8459e-04|7.5027e-04|
|pn|00005|34|9.0201e-02|-4.6502e-01|6.9972e-01|-6.1761e-05|-2.5961e-04|7.1155e-04|
|pn|00005|36|8.2932e-02|-4.9453e-01|7.8262e-01|-6.6566e-05|-2.3281e-04|6.7020e-04|
|pn|00005|38|7.5076e-02|-5.2071e-01|8.6043e-01|-7.0973e-05|-2.0447e-04|6.2656e-04|
|pn|00005|40|6.6668e-02|-5.4339e-01|9.3289e-01|-7.5140e-05|-1.7485e-04|5.8093e-04|
|pn|00005|42|5.7730e-02|-5.6243e-01|9.9978e-01|-7.9196e-05|-1.4423e-04|5.3355e-04|
|pn|00005|44|4.8267e-02|-5.7775e-01|1.0609e+00|-8.3245e-05|-1.1283e-04|4.8463e-04|
|pn|00005|46|3.8278e-02|-5.8926e-01|1.1161e+00|-8.7365e-05|-8.0877e-05|4.3434e-04|
|pn|00005|48|2.7751e-02|-5.9691e-01|1.1651e+00|-9.1616e-05|-4.8578e-05|3.8285e-04|
|pn|00005|50|1.6671e-02|-6.0068e-01|1.2080e+00|-9.6039e-05|-1.6126e-05|3.3029e-04|
|pn|00005|52|5.0183e-03|-6.0057e-01|1.2444e+00|-1.0066e-04|1.6295e-05|2.7675e-04|
|pn|00005|54|-7.2297e-03|-5.9658e-01|1.2744e+00|-1.0550e-04|4.8511e-05|2.2235e-04|
|pn|00005|56|-2.0095e-02|-5.8876e-01|1.2978e+00|-1.1054e-04|8.0355e-05|1.6718e-04|
|pn|00005|58|-3.3600e-02|-5.7716e-01|1.3145e+00|-1.1579e-04|1.1166e-04|1.1131e-04|
|pn|00005|60|-4.7763e-02|-5.6186e-01|1.3245e+00|-1.2121e-04|1.4227e-04|5.4831e-05|
|pn|00005|62|-6.2601e-02|-5.4294e-01|1.3277e+00|-1.2677e-04|1.7203e-04|-2.1818e-06|
|pn|00005|64|-7.8125e-02|-5.2054e-01|1.3241e+00|-1.3243e-04|2.0076e-04|-5.9649e-05|
|pn|00005|66|-9.4341e-02|-4.9476e-01|1.3135e+00|-1.3813e-04|2.2831e-04|-1.1749e-04|
|pn|00005|68|-1.1125e-01|-4.6578e-01|1.2959e+00|-1.4379e-04|2.5450e-04|-1.7560e-04|
|pn|00005|70|-1.2883e-01|-4.3375e-01|1.2714e+00|-1.4933e-04|2.7915e-04|-2.3388e-04|
|pn|00005|72|-1.4707e-01|-3.9887e-01|1.2398e+00|-1.5465e-04|3.0208e-04|-2.9222e-04|
|pn|00005|74|-1.6593e-01|-3.6137e-01|1.2013e+00|-1.5963e-04|3.2308e-04|-3.5048e-04|
|pn|00005|76|-1.8537e-01|-3.2148e-01|1.1558e+00|-1.6414e-04|3.4195e-04|-4.0848e-04|
|pn|00005|78|-2.0531e-01|-2.7946e-01|1.1034e+00|-1.6801e-04|3.5847e-04|-4.6604e-04|
|pn|00005|80|-2.2566e-01|-2.3561e-01|1.0441e+00|-1.7105e-04|3.7239e-04|-5.2292e-04|
|pn|00005|82|-2.4633e-01|-1.9026e-01|9.7805e-01|-1.7306e-04|3.8348e-04|-5.7884e-04|
|pn|00005|84|-2.6716e-01|-1.4375e-01|9.0538e-01|-1.7379e-04|3.9148e-04|-6.3347e-04|
|pn|00005|86|-2.8801e-01|-9.6459e-02|8.2626e-01|-1.7297e-04|3.9612e-04|-6.8640e-04|
|pn|00005|88|-3.0865e-01|-4.8812e-02|7.4092e-01|-1.7028e-04|3.9714e-04|-7.3717e-04|
|pn|00005|90|-3.2887e-01|-1.2522e-03|6.4967e-01|-1.6538e-04|3.9429e-04|-7.8520e-04|
|pn|00005|92|-3.4837e-01|4.5745e-02|5.5287e-01|-1.5791e-04|3.8731e-04|-8.2983e-04|
|pn|00005|94|-3.6683e-01|9.1672e-02|4.5097e-01|-1.4746e-04|3.7600e-04|-8.7025e-04|
|pn|00005|96|-3.8389e-01|1.3600e-01|3.4453e-01|-1.3362e-04|3.6018e-04|-9.0554e-04|
|pn|00005|98|-3.9912e-01|1.7818e-01|2.3423e-01|-1.1600e-04|3.3977e-04|-9.3464e-04|
|pn|00005|100|-4.1206e-01|2.1766e-01|1.2088e-01|-9.4213e-05|3.1475e-04|-9.5634e-04|
|pn|00005|102|-4.2220e-01|2.5388e-01|5.4371e-03|-6.7978e-05|2.8526e-04|-9.6928e-04|
|pn|00005|104|-4.2901e-01|2.8630e-01|-1.1096e-01|-3.7129e-05|2.5156e-04|-9.7198e-04|
|pn|00005|106|-4.3193e-01|3.1444e-01|-2.2700e-01|-1.6960e-06|2.1413e-04|-9.6291e-04|
|pn|00005|108|-4.3042e-01|3.3787e-01|-3.4120e-01|3.8019e-05|1.7360e-04|-9.4050e-04|
|pn|00005|110|-4.2400e-01|3.5624e-01|-4.5187e-01|8.1361e-05|1.3083e-04|-9.0331e-04|
|pn|00005|112|-4.1226e-01|3.6933e-01|-5.5717e-01|1.2726e-04|8.6808e-05|-8.5014e-04|
|pn|00005|114|-3.9495e-01|3.7704e-01|-6.5515e-01|1.7419e-04|4.2646e-05|-7.8021e-04|
|pn|00005|116|-3.7203e-01|3.7943e-01|-7.4377e-01|2.2020e-04|-5.4922e-07|-6.9338e-04|
|pn|00005|118|-3.4368e-01|3.7667e-01|-8.2103e-01|2.6300e-04|-4.1780e-05|-5.9031e-04|
|pn|00005|120|-3.1041e-01|3.6908e-01|-8.8507e-01|3.0016e-04|-8.0288e-05|-4.7262e-04|
|pn|00005|122|-2.7301e-01|3.5703e-01|-9.3424e-01|3.2936e-04|-1.1564e-04|-3.4289e-04|
|pn|00005|124|-2.3254e-01|3.4096e-01|-9.6730e-01|3.4873e-04|-1.4779e-04|-2.0461e-04|
|pn|00005|126|-1.9027e-01|3.2126e-01|-9.8344e-01|3.5709e-04|-1.7701e-04|-6.1938e-05|
|pn|00005|128|-1.4757e-01|2.9826e-01|-9.8240e-01|3.5419e-04|-2.0381e-04|8.0665e-05|
|pn|00005|130|-1.0581e-01|2.7223e-01|-9.6445e-01|3.4069e-04|-2.2877e-04|2.1882e-04|
|pn|00005|132|-6.6206e-02|2.4334e-01|-9.3038e-01|3.1808e-04|-2.5235e-04|3.4864e-04|
|pn|00005|134|-2.9745e-02|2.1171e-01|-8.8140e-01|2.8844e-04|-2.7483e-04|4.6699e-04|
|pn|00005|136|2.8588e-03|1.7743e-01|-8.1905e-01|2.5410e-04|-2.9620e-04|5.7166e-04|
|pn|00005|138|3.1188e-02|1.4063e-01|-7.4505e-01|2.1736e-04|-3.1619e-04|6.6140e-04|
|pn|00005|140|5.5095e-02|1.0148e-01|-6.6124e-01|1.8026e-04|-3.3438e-04|7.3583e-04|
|pn|00005|142|7.4658e-02|6.0234e-02|-5.6945e-01|1.4442e-04|-3.5022e-04|7.9523e-04|
|pn|00005|144|9.0117e-02|1.7200e-02|-4.7141e-01|1.1101e-04|-3.6319e-04|8.4039e-04|
|pn|00005|146|1.0182e-01|-2.7233e-02|-3.6878e-01|8.0742e-05|-3.7284e-04|8.7243e-04|
|pn|00005|148|1.1017e-01|-7.2629e-02|-2.6302e-01|5.3966e-05|-3.7883e-04|8.9263e-04|
|pn|00005|150|1.1559e-01|-1.1852e-01|-1.5548e-01|3.0732e-05|-3.8096e-04|9.0230e-04|
|pn|00005|152|1.1848e-01|-1.6442e-01|-4.7329e-02|1.0883e-05|-3.7918e-04|9.0273e-04|
|pn|00005|154|1.1923e-01|-2.0984e-01|6.0401e-02|-5.8690e-06|-3.7355e-04|8.9511e-04|
|pn|00005|156|1.1817e-01|-2.5434e-01|1.6681e-01|-1.9884e-05|-3.6420e-04|8.8052e-04|
|pn|00005|158|1.1559e-01|-2.9746e-01|2.7114e-01|-3.1549e-05|-3.5138e-04|8.5993e-04|
|pn|00005|160|1.1174e-01|-3.3881e-01|3.7270e-01|-4.1250e-05|-3.3534e-04|8.3418e-04|
|pn|00005|162|1.0681e-01|-3.7801e-01|4.7093e-01|-4.9348e-05|-3.1640e-04|8.0399e-04|
|pn|00005|164|1.0098e-01|-4.1474e-01|5.6532e-01|-5.6172e-05|-2.9487e-04|7.6998e-04|
|pn|00005|166|9.4362e-02|-4.4871e-01|6.5546e-01|-6.2012e-05|-2.7105e-04|7.3268e-04|
|pn|00005|168|8.7060e-02|-4.7967e-01|7.4096e-01|-6.7118e-05|-2.4526e-04|6.9254e-04|
|pn|00005|170|7.9143e-02|-5.0741e-01|8.2151e-01|-7.1702e-05|-2.1780e-04|6.4994e-04|
|pn|00005|172|7.0661e-02|-5.3174e-01|8.9683e-01|-7.5942e-05|-1.8894e-04|6.0519e-04|
|pn|00005|174|6.1644e-02|-5.5253e-01|9.6668e-01|-7.9983e-05|-1.5895e-04|5.5857e-04|
|pn|00005|176|5.2110e-02|-5.6965e-01|1.0308e+00|-8.3942e-05|-1.2806e-04|5.1030e-04|
|pn|00005|178|4.2062e-02|-5.8301e-01|1.0891e+00|-8.7912e-05|-9.6518e-05|4.6058e-04|
|pn|00005|180|3.1497e-02|-5.9256e-01|1.1414e+00|-9.1962e-05|-6.4521e-05|4.0958e-04|
|pn|00005|182|2.0404e-02|-5.9826e-01|1.1874e+00|-9.6146e-05|-3.2274e-05|3.5744e-04|
|pn|00005|184|8.7673e-03|-6.0008e-01|1.2272e+00|-1.0050e-04|3.6582e-08|3.0428e-04|
|pn|00005|186|-3.4319e-03|-5.9804e-01|1.2605e+00|-1.0504e-04|3.2234e-05|2.5021e-04|
|pn|00005|188|-1.6214e-02|-5.9217e-01|1.2872e+00|-1.0978e-04|6.4149e-05|1.9532e-04|
|pn|00005|190|-2.9599e-02|-5.8250e-01|1.3074e+00|-1.1471e-04|9.5616e-05|1.3970e-04|
|pn|00005|192|-4.3606e-02|-5.6910e-01|1.3208e+00|-1.1982e-04|1.2647e-04|8.3430e-05|
|pn|00005|194|-5.8253e-02|-5.5206e-01|1.3274e+00|-1.2507e-04|1.5656e-04|2.6593e-05|
|pn|00005|196|-7.3551e-02|-5.3148e-01|1.3272e+00|-1.3044e-04|1.8573e-04|-3.0734e-05|
|pn|00005|198|-8.9507e-02|-5.0747e-01|1.3201e+00|-1.3586e-04|2.1380e-04|-8.8468e-05|
|pn|00005|200|-1.0612e-01|-4.8018e-01|1.3060e+00|-1.4129e-04|2.4060e-04|-1.4652e-04|
|pn|00005|202|-1.2339e-01|-4.4978e-01|1.2849e+00|-1.4663e-04|2.6598e-04|-2.0479e-04|
|pn|00005|204|-1.4130e-01|-4.1643e-01|1.2569e+00|-1.5180e-04|2.8974e-04|-2.6318e-04|
|pn|00005|206|-1.5981e-01|-3.8035e-01|1.2219e+00|-1.5669e-04|3.1168e-04|-3.2154e-04|
|pn|00005|208|-1.7889e-01|-3.4176e-01|1.1798e+00|-1.6118e-04|3.3161e-04|-3.7973e-04|
|pn|00005|210|-1.9848e-01|-3.0091e-01|1.1308e+00|-1.6512e-04|3.4932e-04|-4.3757e-04|
|pn|00005|212|-2.1850e-01|-2.5809e-01|1.0749e+00|-1.6834e-04|3.6457e-04|-4.9485e-04|
|pn|00005|214|-2.3885e-01|-2.1359e-01|1.0122e+00|-1.7064e-04|3.7712e-04|-5.5131e-04|
|pn|00005|216|-2.5942e-01|-1.6775e-01|9.4280e-01|-1.7180e-04|3.8672e-04|-6.0664e-04|
|pn|00005|218|-2.8005e-01|-1.2093e-01|8.6684e-01|-1.7157e-04|3.9311e-04|-6.6049e-04|
|pn|00005|220|-3.0057e-01|-7.3544e-02|7.8454e-01|-1.6964e-04|3.9603e-04|-7.1242e-04|
|pn|00005|222|-3.2075e-01|-2.6005e-02|6.9617e-01|-1.6572e-04|3.9522e-04|-7.6190e-04|
|pn|00005|224|-3.4035e-01|2.1222e-02|6.0205e-01|-1.5943e-04|3.9041e-04|-8.0832e-04|
|pn|00005|226|-3.5907e-01|6.7647e-02|5.0259e-01|-1.5040e-04|3.8138e-04|-8.5095e-04|
|pn|00005|228|-3.7655e-01|1.1275e-01|3.9831e-01|-1.3822e-04|3.6793e-04|-8.8894e-04|
|pn|00005|230|-3.9242e-01|1.5600e-01|2.8981e-01|-1.2250e-04|3.4992e-04|-9.2130e-04|
|pn|00005|232|-4.0623e-01|1.9683e-01|1.7783e-01|-1.0284e-04|3.2730e-04|-9.4688e-04|
|pn|00005|234|-4.1750e-01|2.3469e-01|6.3252e-02|-7.8901e-05|3.0012e-04|-9.6442e-04|
|pn|00005|236|-4.2572e-01|2.6903e-01|-5.2874e-02|-5.0459e-05|2.6857e-04|-9.7249e-04|
|pn|00005|238|-4.3034e-01|2.9933e-01|-1.6933e-01|-1.7431e-05|2.3300e-04|-9.6959e-04|
|pn|00005|240|-4.3082e-01|3.2513e-01|-2.8473e-01|2.0031e-05|1.9397e-04|-9.5414e-04|
|pn|00005|242|-4.2664e-01|3.4604e-01|-3.9747e-01|6.1468e-05|1.5222e-04|-9.2464e-04|
|pn|00005|244|-4.1735e-01|3.6177e-01|-5.0580e-01|1.0603e-04|1.0868e-04|-8.7974e-04|
|pn|00005|246|-4.0263e-01|3.7215e-01|-6.0782e-01|1.5245e-04|6.4401e-05|-8.1843e-04|
|pn|00005|248|-3.8230e-01|3.7714e-01|-7.0152e-01|1.9898e-04|2.0517e-05|-7.4020e-04|
|pn|00005|250|-3.5645e-01|3.7688e-01|-7.8488e-01|2.4351e-04|-2.1895e-05|-6.4529e-04|
|pn|00005|252|-3.2541e-01|3.7160e-01|-8.5594e-01|2.8365e-04|-6.1931e-05|-5.3481e-04|
|pn|00005|254|-2.8981e-01|3.6167e-01|-9.1294e-01|3.1699e-04|-9.8970e-05|-4.1084e-04|
|pn|00005|256|-2.5059e-01|3.4748e-01|-9.5440e-01|3.4142e-04|-1.3275e-04|-2.7642e-04|
|pn|00005|258|-2.0892e-01|3.2948e-01|-9.7929e-01|3.5536e-04|-1.6338e-04|-1.3540e-04|
|pn|00005|260|-1.6614e-01|3.0802e-01|-9.8706e-01|3.5805e-04|-1.9125e-04|7.8760e-06|
|pn|00005|262|-1.2363e-01|2.8342e-01|-9.7770e-01|3.4970e-04|-2.1693e-04|1.4893e-04|
|pn|00005|264|-8.2684e-02|2.5590e-01|-9.5174e-01|3.3137e-04|-2.4096e-04|2.8359e-04|
|pn|00005|266|-4.4431e-02|2.2561e-01|-9.1019e-01|3.0487e-04|-2.6374e-04|4.0828e-04|
|pn|00005|268|-9.7302e-03|1.9265e-01|-8.5444e-01|2.7245e-04|-2.8541e-04|5.2032e-04|
|pn|00005|270|2.0848e-02|1.5714e-01|-7.8611e-01|2.3644e-04|-3.0586e-04|6.1796e-04|
|pn|00005|272|4.7022e-02|1.1922e-01|-7.0702e-01|1.9904e-04|-3.2474e-04|7.0037e-04|
|pn|00005|274|6.8757e-02|7.9096e-02|-6.1899e-01|1.6212e-04|-3.4156e-04|7.6753e-04|
|pn|00005|276|8.6216e-02|3.7048e-02|-5.2383e-01|1.2707e-04|-3.5581e-04|8.1998e-04|
|pn|00005|278|9.9697e-02|-6.5742e-03|-4.2323e-01|9.4835e-05|-3.6698e-04|8.5869e-04|
|pn|00005|280|1.0958e-01|-5.1362e-02|-3.1876e-01|6.5962e-05|-3.7469e-04|8.8487e-04|
|pn|00005|282|1.1628e-01|-9.6866e-02|-2.1183e-01|4.0645e-05|-3.7866e-04|8.9982e-04|
|pn|00005|284|1.2022e-01|-1.4261e-01|-1.0370e-01|1.8830e-05|-3.7878e-04|9.0486e-04|
|pn|00005|286|1.2180e-01|-1.8812e-01|4.5182e-03|2.9210e-07|-3.7503e-04|9.0123e-04|
|pn|00005|288|1.2137e-01|-2.3292e-01|1.1186e-01|-1.5293e-05|-3.6753e-04|8.9007e-04|
|pn|00005|290|1.1925e-01|-2.7657e-01|2.1750e-01|-2.8302e-05|-3.5645e-04|8.7242e-04|
|pn|00005|292|1.1572e-01|-3.1864e-01|3.2070e-01|-3.9121e-05|-3.4205e-04|8.4917e-04|
|pn|00005|294|1.1100e-01|-3.5876e-01|4.2085e-01|-4.8126e-05|-3.2462e-04|8.2111e-04|
|pn|00005|296|1.0528e-01|-3.9658e-01|5.1740e-01|-5.5662e-05|-3.0445e-04|7.8891e-04|
|pn|00005|298|9.8701e-02|-4.3180e-01|6.0989e-01|-6.2040e-05|-2.8185e-04|7.5315e-04|
|pn|00005|300|9.1387e-02|-4.6413e-01|6.9792e-01|-6.7530e-05|-2.5715e-04|7.1433e-04|
|pn|00005|302|8.3422e-02|-4.9337e-01|7.8115e-01|-7.2366e-05|-2.3063e-04|6.7284e-04|
|pn|00005|304|7.4869e-02|-5.1930e-01|8.5927e-01|-7.6744e-05|-2.0259e-04|6.2905e-04|
|pn|00005|306|6.5771e-02|-5.4177e-01|9.3203e-01|-8.0824e-05|-1.7328e-04|5.8325e-04|
|pn|00005|308|5.6155e-02|-5.6065e-01|9.9919e-01|-8.4741e-05|-1.4297e-04|5.3569e-04|
|pn|00005|310|4.6034e-02|-5.7584e-01|1.0606e+00|-8.8600e-05|-1.1189e-04|4.8658e-04|
|pn|00005|312|3.5412e-02|-5.8726e-01|1.1159e+00|-9.2485e-05|-8.0246e-05|4.3611e-04|
|pn|00005|314|2.4284e-02|-5.9485e-01|1.1652e+00|-9.6457e-05|-4.8255e-05|3.8443e-04|
|pn|00005|316|1.2638e-02|-5.9861e-01|1.2082e+00|-1.0056e-04|-1.6104e-05|3.3167e-04|
|pn|00005|318|4.6041e-04|-5.9850e-01|1.2448e+00|-1.0483e-04|1.6026e-05|2.7794e-04|
|pn|00005|320|-1.2268e-02|-5.9457e-01|1.2749e+00|-1.0927e-04|4.7962e-05|2.2335e-04|
|pn|00005|322|-2.5564e-02|-5.8683e-01|1.2984e+00|-1.1390e-04|7.9539e-05|1.6800e-04|
|pn|00005|324|-3.9448e-02|-5.7535e-01|1.3153e+00|-1.1870e-04|1.1060e-04|1.1196e-04|
|pn|00005|326|-5.3934e-02|-5.6019e-01|1.3253e+00|-1.2365e-04|1.4097e-04|5.5312e-05|
|pn|00005|328|-6.9038e-02|-5.4145e-01|1.3286e+00|-1.2872e-04|1.7051e-04|-1.8584e-06|
|pn|00005|330|-8.4766e-02|-5.1924e-01|1.3249e+00|-1.3386e-04|1.9905e-04|-5.9473e-05|
|pn|00005|332|-1.0112e-01|-4.9368e-01|1.3143e+00|-1.3903e-04|2.2642e-04|-1.1745e-04|
|pn|00005|334|-1.1811e-01|-4.6493e-01|1.2968e+00|-1.4415e-04|2.5246e-04|-1.7568e-04|
|pn|00005|336|-1.3570e-01|-4.3316e-01|1.2722e+00|-1.4915e-04|2.7698e-04|-2.3408e-04|
|pn|00005|338|-1.5389e-01|-3.9856e-01|1.2407e+00|-1.5392e-04|2.9981e-04|-2.9252e-04|
|pn|00005|340|-1.7263e-01|-3.6133e-01|1.2021e+00|-1.5835e-04|3.2073e-04|-3.5086e-04|
|pn|00005|342|-1.9188e-01|-3.2172e-01|1.1566e+00|-1.6232e-04|3.3955e-04|-4.0893e-04|
|pn|00005|344|-2.1157e-01|-2.7999e-01|1.1041e+00|-1.6565e-04|3.5605e-04|-4.6655e-04|
|pn|00005|346|-2.3161e-01|-2.3643e-01|1.0447e+00|-1.6818e-04|3.6998e-04|-5.2348e-04|
|pn|00005|348|-2.5190e-01|-1.9136e-01|9.7861e-01|-1.6969e-04|3.8111e-04|-5.7943e-04|
|pn|00005|350|-2.7230e-01|-1.4513e-01|9.0586e-01|-1.6995e-04|3.8918e-04|-6.3409e-04|
|pn|00005|352|-2.9266e-01|-9.8110e-02|8.2666e-01|-1.6869e-04|3.9392e-04|-6.8704e-04|
|pn|00005|354|-3.1277e-01|-5.0718e-02|7.4126e-01|-1.6562e-04|3.9506e-04|-7.3782e-04|
|pn|00005|356|-3.3241e-01|-3.3947e-03|6.4993e-01|-1.6039e-04|3.9236e-04|-7.8585e-04|
|pn|00005|358|-3.5130e-01|4.3385e-02|5.5304e-01|-1.5264e-04|3.8555e-04|-8.3048e-04|
|pn|00005|360|-3.6912e-01|8.9117e-02|4.5107e-01|-1.4199e-04|3.7443e-04|-8.7091e-04|
|pn|00005|362|-3.8552e-01|1.3327e-01|3.4455e-01|-1.2802e-04|3.5881e-04|-9.0623e-04|
|pn|00005|364|-4.0008e-01|1.7531e-01|2.3417e-01|-1.1035e-04|3.3860e-04|-9.3537e-04|
|pn|00005|366|-4.1235e-01|2.1466e-01|1.2072e-01|-8.8616e-05|3.1379e-04|-9.5713e-04|
|pn|00005|368|-4.2183e-01|2.5077e-01|5.1821e-03|-6.2517e-05|2.8448e-04|-9.7017e-04|
|pn|00005|370|-4.2800e-01|2.8312e-01|-1.1133e-01|-3.1891e-05|2.5094e-04|-9.7302e-04|
|pn|00005|372|-4.3031e-01|3.1119e-01|-2.2751e-01|3.2382e-06|2.1362e-04|-9.6413e-04|
|pn|00005|374|-4.2823e-01|3.3457e-01|-3.4187e-01|4.2581e-05|1.7316e-04|-9.4196e-04|
|pn|00005|376|-4.2129e-01|3.5289e-01|-4.5273e-01|8.5505e-05|1.3039e-04|-9.0505e-04|
|pn|00005|378|-4.0908e-01|3.6592e-01|-5.5827e-01|1.3096e-04|8.6317e-05|-8.5221e-04|
|pn|00005|380|-3.9135e-01|3.7357e-01|-6.5652e-01|1.7746e-04|4.2041e-05|-7.8264e-04|
|pn|00005|382|-3.6805e-01|3.7588e-01|-7.4546e-01|2.2308e-04|-1.3132e-06|-6.9617e-04|
|pn|00005|384|-3.3938e-01|3.7302e-01|-8.2308e-01|2.6555e-04|-4.2725e-05|-5.9345e-04|
|pn|00005|386|-3.0581e-01|3.6530e-01|-8.8751e-01|3.0246e-04|-8.1404e-05|-4.7605e-04|
|pn|00005|388|-2.6813e-01|3.5312e-01|-9.3711e-01|3.3151e-04|-1.1689e-04|-3.4652e-04|
|pn|00005|390|-2.2740e-01|3.3690e-01|-9.7061e-01|3.5080e-04|-1.4908e-04|-2.0831e-04|
|pn|00005|392|-1.8488e-01|3.1705e-01|-9.8719e-01|3.5914e-04|-1.7823e-04|-6.5573e-05|
|pn|00005|394|-1.4194e-01|2.9393e-01|-9.8657e-01|3.5621e-04|-2.0484e-04|7.7255e-05|
|pn|00005|396|-9.9935e-02|2.6779e-01|-9.6900e-01|3.4266e-04|-2.2948e-04|2.1579e-04|
|pn|00005|398|-6.0096e-02|2.3884e-01|-9.3527e-01|3.1992e-04|-2.5263e-04|3.4610e-04|
|pn|00005|400|-2.3426e-02|2.0720e-01|-8.8656e-01|2.9006e-04|-2.7460e-04|4.6504e-04|
|pn|00005|402|9.3542e-03|1.7298e-01|-8.2440e-01|2.5539e-04|-2.9542e-04|5.7036e-04|
|pn|00005|404|3.7814e-02|1.3631e-01|-7.5052e-01|2.1821e-04|-3.1485e-04|6.6077e-04|
|pn|00005|406|6.1795e-02|9.7351e-02|-6.6675e-01|1.8058e-04|-3.3250e-04|7.3585e-04|
|pn|00005|408|8.1365e-02|5.6350e-02|-5.7492e-01|1.4415e-04|-3.4786e-04|7.9585e-04|
|pn|00005|410|9.6757e-02|1.3619e-02|-4.7677e-01|1.1010e-04|-3.6041e-04|8.4157e-04|
|pn|00005|412|1.0832e-01|-3.0466e-02|-3.7397e-01|7.9172e-05|-3.6973e-04|8.7410e-04|
|pn|00005|414|1.1645e-01|-7.5478e-02|-2.6799e-01|5.1744e-05|-3.7547e-04|8.9470e-04|
|pn|00005|416|1.2157e-01|-1.2096e-01|-1.6018e-01|2.7884e-05|-3.7744e-04|9.0469e-04|
|pn|00005|418|1.2409e-01|-1.6643e-01|-5.1725e-02|7.4515e-06|-3.7557e-04|9.0537e-04|
|pn|00005|420|1.2440e-01|-2.1143e-01|5.6335e-02|-9.8299e-06|-3.6992e-04|8.9793e-04|
|la|00005|0|-1.6938e-01|2.5363e-01|-9.0461e-01|4.4739e-04|4.6035e-04|9.1337e-04|
|la|00005|2|-1.3165e-01|2.0701e-01|-8.5727e-01|2.5876e-04|4.0952e-04|9.8476e-04|
|la|00005|4|-9.2372e-02|1.5903e-01|-7.9587e-01|9.4979e-05|3.2413e-04|1.0216e-03|
|la|00005|6|-5.4161e-02|1.1099e-01|-7.2177e-01|-3.2332e-05|2.1666e-04|1.0325e-03|
|la|00005|8|-1.9477e-02|6.3291e-02|-6.3698e-01|-1.1927e-04|1.0069e-04|1.0264e-03|
|la|00005|10|9.8752e-03|1.5690e-02|-5.4394e-01|-1.6833e-04|-1.1792e-05|1.0110e-03|
|la|00005|12|3.3013e-02|-3.2450e-02|-4.4513e-01|-1.8609e-04|-1.1209e-04|9.9178e-04|
|la|00005|14|4.9967e-02|-8.1794e-02|-3.4290e-01|-1.8077e-04|-1.9519e-04|9.7179e-04|
|la|00005|16|6.1493e-02|-1.3278e-01|-2.3920e-01|-1.6035e-04|-2.5939e-04|9.5227e-04|
|la|00005|18|6.8790e-02|-1.8547e-01|-1.3551e-01|-1.3144e-04|-3.0536e-04|9.3313e-04|
|la|00005|20|7.3211e-02|-2.3950e-01|-3.2878e-02|-9.8774e-05|-3.3519e-04|9.1362e-04|
|la|00005|22|7.6026e-02|-2.9417e-01|6.8024e-02|-6.5288e-05|-3.5153e-04|8.9283e-04|
|la|00005|24|7.8267e-02|-3.4850e-01|1.6682e-01|-3.2452e-05|-3.5702e-04|8.7002e-04|
|la|00005|26|8.0641e-02|-4.0139e-01|2.6332e-01|-7.1027e-07|-3.5387e-04|8.4477e-04|
|la|00005|28|8.3514e-02|-4.5171e-01|3.5741e-01|3.0083e-05|-3.4377e-04|8.1699e-04|
|la|00005|30|8.6943e-02|-4.9843e-01|4.4902e-01|6.0311e-05|-3.2782e-04|7.8692e-04|
|la|00005|32|9.0734e-02|-5.4065e-01|5.3802e-01|9.0331e-05|-3.0666e-04|7.5500e-04|
|la|00005|34|9.4508e-02|-5.7767e-01|6.2423e-01|1.2032e-04|-2.8056e-04|7.2181e-04|
|la|00005|36|9.7781e-02|-6.0900e-01|7.0741e-01|1.5019e-04|-2.4955e-04|6.8796e-04|
|la|00005|38|1.0003e-01|-6.3437e-01|7.8722e-01|1.7959e-04|-2.1359e-04|6.5399e-04|
|la|00005|40|1.0073e-01|-6.5370e-01|8.6327e-01|2.0790e-04|-1.7260e-04|6.2036e-04|
|la|00005|42|9.9459e-02|-6.6709e-01|9.3511e-01|2.3433e-04|-1.2661e-04|5.8739e-04|
|la|00005|44|9.5845e-02|-6.7476e-01|1.0023e+00|2.5792e-04|-7.5772e-05|5.5522e-04|
|la|00005|46|8.9652e-02|-6.7706e-01|1.0642e+00|2.7770e-04|-2.0423e-05|5.2383e-04|
|la|00005|48|8.0768e-02|-6.7441e-01|1.1205e+00|2.9268e-04|3.8927e-05|4.9306e-04|
|la|00005|50|6.9205e-02|-6.6727e-01|1.1707e+00|3.0194e-04|1.0157e-04|4.6256e-04|
|la|00005|52|5.5096e-02|-6.5612e-01|1.2143e+00|3.0472e-04|1.6664e-04|4.3189e-04|
|la|00005|54|3.8685e-02|-6.4143e-01|1.2509e+00|3.0040e-04|2.3308e-04|4.0049e-04|
|la|00005|56|2.0307e-02|-6.2362e-01|1.2803e+00|2.8861e-04|2.9974e-04|3.6773e-04|
|la|00005|58|3.6731e-04|-6.0308e-01|1.3023e+00|2.6921e-04|3.6535e-04|3.3294e-04|
|la|00005|60|-2.0676e-02|-5.8011e-01|1.3165e+00|2.4232e-04|4.2858e-04|2.9542e-04|
|la|00005|62|-4.2343e-02|-5.5497e-01|1.3230e+00|2.0836e-04|4.8809e-04|2.5451e-04|
|la|00005|64|-6.4152e-02|-5.2780e-01|1.3216e+00|1.6803e-04|5.4255e-04|2.0961e-04|
|la|00005|66|-8.5648e-02|-4.9870e-01|1.3126e+00|1.2231e-04|5.9069e-04|1.6017e-04|
|la|00005|68|-1.0643e-01|-4.6768e-01|1.2958e+00|7.2468e-05|6.3136e-04|1.0580e-04|
|la|00005|70|-1.2616e-01|-4.3469e-01|1.2716e+00|2.0005e-05|6.6355e-04|4.6238e-05|
|la|00005|72|-1.4461e-01|-3.9962e-01|1.2402e+00|-3.3347e-05|6.8647e-04|-1.8591e-05|
|la|00005|74|-1.6165e-01|-3.6235e-01|1.2017e+00|-8.5685e-05|6.9954e-04|-8.8551e-05|
|la|00005|76|-1.7728e-01|-3.2275e-01|1.1565e+00|-1.3499e-04|7.0248e-04|-1.6327e-04|
|la|00005|78|-1.9163e-01|-2.8071e-01|1.1048e+00|-1.7918e-04|6.9533e-04|-2.4213e-04|
|la|00005|80|-2.0496e-01|-2.3618e-01|1.0469e+00|-2.1622e-04|6.7848e-04|-3.2422e-04|
|la|00005|82|-2.1764e-01|-1.8918e-01|9.8297e-01|-2.4422e-04|6.5263e-04|-4.0840e-04|
|la|00005|84|-2.3013e-01|-1.3989e-01|9.1324e-01|-2.6150e-04|6.1888e-04|-4.9324e-04|
|la|00005|86|-2.4294e-01|-8.8619e-02|8.3784e-01|-2.6674e-04|5.7859e-04|-5.7710e-04|
|la|00005|88|-2.5660e-01|-3.5863e-02|7.5684e-01|-2.5910e-04|5.3338e-04|-6.5817e-04|
|la|00005|90|-2.7156e-01|1.7678e-02|6.7029e-01|-2.3826e-04|4.8505e-04|-7.3452e-04|
|la|00005|92|-2.8813e-01|7.1109e-02|5.7818e-01|-2.0452e-04|4.3536e-04|-8.0420e-04|
|la|00005|94|-3.0640e-01|1.2336e-01|4.8056e-01|-1.5879e-04|3.8597e-04|-8.6535e-04|
|la|00005|96|-3.2619e-01|1.7325e-01|3.7751e-01|-1.0252e-04|3.3818e-04|-9.1630e-04|
|la|00005|98|-3.4692e-01|2.1953e-01|2.6927e-01|-3.7505e-05|2.9282e-04|-9.5568e-04|
|la|00005|100|-3.6763e-01|2.6105e-01|1.5632e-01|3.4372e-05|2.5010e-04|-9.8242e-04|
|la|00005|102|-3.8701e-01|2.9688e-01|3.9457e-02|1.1150e-04|2.0963e-04|-9.9576e-04|
|la|00005|104|-4.0348e-01|3.2644e-01|-8.0077e-02|1.9295e-04|1.7062e-04|-9.9511e-04|
|la|00005|106|-4.1540e-01|3.4965e-01|-2.0056e-01|2.7871e-04|1.3221e-04|-9.7977e-04|
|la|00005|108|-4.2130e-01|3.6697e-01|-3.1980e-01|3.6979e-04|9.4176e-05|-9.4861e-04|
|la|00005|110|-4.2022e-01|3.7937e-01|-4.3518e-01|4.6776e-04|5.7603e-05|-8.9971e-04|
|la|00005|112|-4.1198e-01|3.8811e-01|-5.4389e-01|5.7382e-04|2.5562e-05|-8.3020e-04|
|la|00005|114|-3.9732e-01|3.9449e-01|-6.4318e-01|6.8726e-04|3.3037e-06|-7.3643e-04|
|la|00005|116|-3.7783e-01|3.9935e-01|-7.3071e-01|8.0380e-04|-2.3530e-06|-6.1478e-04|
|la|00005|118|-3.5562e-01|4.0276e-01|-8.0478e-01|9.1442e-04|1.5348e-05|-4.6301e-04|
|la|00005|120|-3.3271e-01|4.0383e-01|-8.6452e-01|1.0054e-03|6.0622e-05|-2.8197e-04|
|la|00005|122|-3.1044e-01|4.0083e-01|-9.0976e-01|1.0606e-03|1.3254e-04|-7.7067e-05|
|la|00005|124|-2.8897e-01|3.9166e-01|-9.4080e-01|1.0651e-03|2.2345e-04|1.4127e-04|
|la|00005|126|-2.6728e-01|3.7456e-01|-9.5798e-01|1.0100e-03|3.1938e-04|3.5871e-04|
|la|00005|128|-2.4358e-01|3.4871e-01|-9.6137e-01|8.9588e-04|4.0284e-04|5.5962e-04|
|la|00005|130|-2.1615e-01|3.1457e-01|-9.5073e-01|7.3419e-04|4.5722e-04|7.3039e-04|
|la|00005|132|-1.8407e-01|2.7374e-01|-9.2560e-01|5.4448e-04|4.7112e-04|8.6232e-04|
|la|00005|134|-1.4770e-01|2.2846e-01|-8.8570e-01|3.4985e-04|4.4107e-04|9.5302e-04|
|la|00005|136|-1.0867e-01|1.8096e-01|-8.3127e-01|1.7160e-04|3.7169e-04|1.0060e-03|
|la|00005|138|-6.9430e-02|1.3291e-01|-7.6331e-01|2.5095e-05|2.7365e-04|1.0286e-03|
|la|00005|140|-3.2615e-02|8.5136e-02|-6.8354e-01|-8.2031e-05|1.6039e-04|1.0301e-03|
|la|00005|142|-4.0841e-04|3.7691e-02|-5.9423e-01|-1.4939e-04|4.5009e-05|1.0187e-03|
|la|00005|144|2.5835e-02|-9.9323e-03|-4.9790e-01|-1.8188e-04|-6.2054e-05|1.0012e-03|
|la|00005|146|4.5716e-02|-5.8431e-02|-3.9701e-01|-1.8719e-04|-1.5398e-04|9.8178e-04|
|la|00005|148|5.9672e-02|-1.0839e-01|-2.9371e-01|-1.7364e-04|-2.2752e-04|9.6239e-04|
|la|00005|150|6.8733e-02|-1.6007e-01|-1.8972e-01|-1.4857e-04|-2.8231e-04|9.4349e-04|
|la|00005|152|7.4215e-02|-2.1332e-01|-8.6316e-02|-1.1765e-04|-3.1987e-04|9.2458e-04|
|la|00005|154|7.7463e-02|-2.6759e-01|1.5675e-02|-8.4652e-05|-3.4266e-04|9.0476e-04|
|la|00005|156|7.9643e-02|-3.2202e-01|1.1574e-01|-5.1685e-05|-3.5339e-04|8.8320e-04|
|la|00005|158|8.1630e-02|-3.7556e-01|2.1362e-01|-1.9625e-05|-3.5450e-04|8.5929e-04|
|la|00005|160|8.3956e-02|-4.2708e-01|3.0915e-01|1.1445e-05|-3.4793e-04|8.3281e-04|
|la|00005|162|8.6824e-02|-4.7549e-01|4.0226e-01|4.1834e-05|-3.3504e-04|8.0387e-04|
|la|00005|164|9.0152e-02|-5.1982e-01|4.9285e-01|7.1934e-05|-3.1668e-04|7.7283e-04|
|la|00005|166|9.3644e-02|-5.5927e-01|5.8075e-01|1.0201e-04|-2.9326e-04|7.4023e-04|
|la|00005|168|9.6860e-02|-5.9326e-01|6.6574e-01|1.3211e-04|-2.6490e-04|7.0667e-04|
|la|00005|170|9.9289e-02|-6.2141e-01|7.4753e-01|1.6198e-04|-2.3158e-04|6.7274e-04|
|la|00005|172|1.0041e-01|-6.4356e-01|8.2575e-01|1.9112e-04|-1.9322e-04|6.3897e-04|
|la|00005|174|9.9747e-02|-6.5971e-01|8.9996e-01|2.1879e-04|-1.4979e-04|6.0572e-04|
|la|00005|176|9.6902e-02|-6.7005e-01|9.6970e-01|2.4410e-04|-1.0138e-04|5.7323e-04|
|la|00005|178|9.1586e-02|-6.7487e-01|1.0345e+00|2.6606e-04|-4.8239e-05|5.4156e-04|
|la|00005|180|8.3631e-02|-6.7457e-01|1.0938e+00|2.8368e-04|9.2105e-06|5.1059e-04|
|la|00005|182|7.2995e-02|-6.6958e-01|1.1472e+00|2.9600e-04|7.0345e-05|4.8006e-04|
|la|00005|184|5.9762e-02|-6.6038e-01|1.1941e+00|3.0216e-04|1.3436e-04|4.4957e-04|
|la|00005|186|4.4130e-02|-6.4745e-01|1.2343e+00|3.0147e-04|2.0029e-04|4.1860e-04|
|la|00005|188|2.6398e-02|-6.3123e-01|1.2674e+00|2.9346e-04|2.6701e-04|3.8655e-04|
|la|00005|190|6.9449e-03|-6.1212e-01|1.2931e+00|2.7785e-04|3.3330e-04|3.5276e-04|
|la|00005|192|-1.3790e-02|-5.9047e-01|1.3111e+00|2.5465e-04|3.9786e-04|3.1655e-04|
|la|00005|194|-3.5333e-02|-5.6655e-01|1.3214e+00|2.2416e-04|4.5934e-04|2.7724e-04|
|la|00005|196|-5.7199e-02|-5.4056e-01|1.3239e+00|1.8693e-04|5.1640e-04|2.3418e-04|
|la|00005|198|-7.8918e-02|-5.1261e-01|1.3186e+00|1.4382e-04|5.6774e-04|1.8682e-04|
|la|00005|200|-1.0006e-01|-4.8275e-01|1.3057e+00|9.5962e-05|6.1214e-04|1.3468e-04|
|la|00005|202|-1.2026e-01|-4.5095e-01|1.2851e+00|4.4757e-05|6.4854e-04|7.7439e-05|
|la|00005|204|-1.3924e-01|-4.1712e-01|1.2572e+00|-8.1702e-06|6.7601e-04|1.4946e-05|
|la|00005|206|-1.5682e-01|-3.8115e-01|1.2222e+00|-6.0996e-05|6.9389e-04|-5.2762e-05|
|la|00005|208|-1.7294e-01|-3.4291e-01|1.1803e+00|-1.1175e-04|7.0177e-04|-1.2542e-04|
|la|00005|210|-1.8769e-01|-3.0225e-01|1.1318e+00|-1.5839e-04|6.9951e-04|-2.0253e-04|
|la|00005|212|-2.0125e-01|-2.5911e-01|1.0770e+00|-1.9885e-04|6.8735e-04|-2.8331e-04|
|la|00005|214|-2.1395e-01|-2.1346e-01|1.0161e+00|-2.3118e-04|6.6583e-04|-3.6672e-04|
|la|00005|216|-2.2622e-01|-1.6540e-01|9.4925e-01|-2.5358e-04|6.3587e-04|-4.5148e-04|
|la|00005|218|-2.3856e-01|-1.1518e-01|8.7669e-01|-2.6459e-04|5.9870e-04|-5.3605e-04|
|la|00005|220|-2.5149e-01|-6.3188e-02|7.9848e-01|-2.6311e-04|5.5582e-04|-6.1869e-04|
|la|00005|222|-2.6550e-01|-1.0038e-02|7.1469e-01|-2.4859e-04|5.0895e-04|-6.9753e-04|
|la|00005|224|-2.8099e-01|4.3475e-02|6.2534e-01|-2.2103e-04|4.5986e-04|-7.7063e-04|
|la|00005|226|-2.9817e-01|9.6362e-02|5.3043e-01|-1.8106e-04|4.1028e-04|-8.3611e-04|
|la|00005|228|-3.1700e-01|1.4749e-01|4.3001e-01|-1.2987e-04|3.6168e-04|-8.9221e-04|
|la|00005|230|-3.3709e-01|1.9562e-01|3.2425e-01|-6.9095e-05|3.1512e-04|-9.3740e-04|
|la|00005|232|-3.5767e-01|2.3957e-01|2.1348e-01|-6.0628e-07|2.7112e-04|-9.7050e-04|
|la|00005|234|-3.7760e-01|2.7827e-01|9.8351e-02|7.3839e-05|2.2955e-04|-9.9062e-04|
|la|00005|236|-3.9542e-01|3.1094e-01|-2.0128e-02|1.5296e-04|1.8977e-04|-9.9709e-04|
|la|00005|238|-4.0950e-01|3.3727e-01|-1.4048e-01|2.3632e-04|1.5092e-04|-9.8932e-04|
|la|00005|240|-4.1826e-01|3.5743e-01|-2.6073e-01|3.2446e-04|1.1239e-04|-9.6639e-04|
|la|00005|242|-4.2046e-01|3.7216e-01|-3.7845e-01|4.1880e-04|7.4543e-05|-9.2680e-04|
|la|00005|244|-4.1552e-01|3.8261e-01|-4.9093e-01|5.2086e-04|3.9455e-05|-8.6811e-04|
|la|00005|246|-4.0372e-01|3.9008e-01|-5.9534e-01|6.3107e-04|1.1351e-05|-7.8695e-04|
|la|00005|248|-3.8626e-01|3.9568e-01|-6.8912e-01|7.4709e-04|-3.5522e-06|-6.7955e-04|
|la|00005|250|-3.6504e-01|3.9990e-01|-7.7023e-01|8.6226e-04|1.8216e-06|-5.4278e-04|
|la|00005|252|-3.4219e-01|4.0231e-01|-8.3739e-01|9.6506e-04|3.3294e-05|-3.7576e-04|
|la|00005|254|-3.1945e-01|4.0154e-01|-8.9012e-01|1.0401e-03|9.2773e-05|-1.8157e-04|
|la|00005|256|-2.9757e-01|3.9562e-01|-9.2852e-01|1.0712e-03|1.7600e-04|3.1795e-05|
|la|00005|258|-2.7607e-01|3.8253e-01|-9.5292e-01|1.0460e-03|2.7191e-04|2.5164e-04|
|la|00005|260|-2.5345e-01|3.6094e-01|-9.6355e-01|9.6005e-04|3.6424e-04|4.6257e-04|
|la|00005|262|-2.2786e-01|3.3067e-01|-9.6028e-01|8.1961e-04|4.3531e-04|6.4956e-04|
|la|00005|264|-1.9790e-01|2.9281e-01|-9.4269e-01|6.4067e-04|4.7064e-04|8.0122e-04|
|la|00005|266|-1.6329e-01|2.4939e-01|-9.1035e-01|4.4529e-04|4.6261e-04|9.1206e-04|
|la|00005|268|-1.2508e-01|2.0272e-01|-8.6322e-01|2.5633e-04|4.1195e-04|9.8285e-04|
|la|00005|270|-8.5418e-02|1.5482e-01|-8.0188e-01|9.2460e-05|3.2673e-04|1.0194e-03|
|la|00005|272|-4.6952e-02|1.0695e-01|-7.2774e-01|-3.4796e-05|2.1946e-04|1.0303e-03|
|la|00005|274|-1.2162e-02|5.9499e-02|-6.4283e-01|-1.2166e-04|1.0378e-04|1.0246e-03|
|la|00005|276|1.7152e-02|1.2199e-02|-5.4961e-01|-1.7075e-04|-8.3595e-06|1.0099e-03|
|la|00005|278|4.0123e-02|-3.5610e-02|-4.5060e-01|-1.8871e-04|-1.0828e-04|9.9139e-04|
|la|00005|280|5.6808e-02|-8.4608e-02|-3.4815e-01|-1.8379e-04|-1.9104e-04|9.7224e-04|
|la|00005|282|6.7991e-02|-1.3524e-01|-2.4420e-01|-1.6394e-04|-2.5499e-04|9.5351e-04|
|la|00005|284|7.4892e-02|-1.8757e-01|-1.4024e-01|-1.3569e-04|-3.0083e-04|9.3504e-04|
|la|00005|286|7.8879e-02|-2.4124e-01|-3.7305e-02|-1.0372e-04|-3.3068e-04|9.1606e-04|
|la|00005|288|8.1232e-02|-2.9552e-01|6.3946e-02|-7.0888e-05|-3.4721e-04|8.9565e-04|
|la|00005|290|8.2981e-02|-3.4944e-01|1.6314e-01|-3.8599e-05|-3.5300e-04|8.7308e-04|
|la|00005|292|8.4828e-02|-4.0189e-01|2.6008e-01|-7.2547e-06|-3.5027e-04|8.4797e-04|
|la|00005|294|8.7135e-02|-4.5176e-01|3.5465e-01|2.3312e-05|-3.4064e-04|8.2026e-04|
|la|00005|296|8.9952e-02|-4.9800e-01|4.4676e-01|5.3483e-05|-3.2519e-04|7.9023e-04|
|la|00005|298|9.3076e-02|-5.3974e-01|5.3629e-01|8.3602e-05|-3.0450e-04|7.5836e-04|
|la|00005|300|9.6131e-02|-5.7628e-01|6.2304e-01|1.1381e-04|-2.7883e-04|7.2523e-04|
|la|00005|302|9.8632e-02|-6.0715e-01|7.0673e-01|1.4400e-04|-2.4817e-04|6.9147e-04|
|la|00005|304|1.0006e-01|-6.3209e-01|7.8703e-01|1.7377e-04|-2.1247e-04|6.5763e-04|
|la|00005|306|9.9921e-02|-6.5103e-01|8.6352e-01|2.0247e-04|-1.7167e-04|6.2416e-04|
|la|00005|308|9.7774e-02|-6.6408e-01|9.3575e-01|2.2926e-04|-1.2578e-04|5.9136e-04|
|la|00005|310|9.3285e-02|-6.7149e-01|1.0032e+00|2.5319e-04|-7.4974e-05|5.5937e-04|
|la|00005|312|8.6232e-02|-6.7360e-01|1.0655e+00|2.7324e-04|-1.9598e-05|5.2815e-04|
|la|00005|314|7.6519e-02|-6.7084e-01|1.1220e+00|2.8843e-04|3.9813e-05|4.9751e-04|
|la|00005|316|6.4178e-02|-6.6367e-01|1.1723e+00|2.9783e-04|1.0254e-04|4.6710e-04|
|la|00005|318|4.9360e-02|-6.5257e-01|1.2159e+00|3.0068e-04|1.6768e-04|4.3645e-04|
|la|00005|320|3.2323e-02|-6.3800e-01|1.2526e+00|2.9638e-04|2.3417e-04|4.0499e-04|
|la|00005|322|1.3415e-02|-6.2039e-01|1.2820e+00|2.8458e-04|3.0085e-04|3.7208e-04|
|la|00005|324|-6.9475e-03|-6.0010e-01|1.3038e+00|2.6514e-04|3.6642e-04|3.3705e-04|
|la|00005|326|-2.8301e-02|-5.7744e-01|1.3180e+00|2.3824e-04|4.2957e-04|2.9921e-04|
|la|00005|328|-5.0161e-02|-5.5264e-01|1.3243e+00|2.0430e-04|4.8893e-04|2.5789e-04|
|la|00005|330|-7.2049e-02|-5.2585e-01|1.3229e+00|1.6404e-04|5.4318e-04|2.1251e-04|
|la|00005|332|-9.3512e-02|-4.9714e-01|1.3137e+00|1.1848e-04|5.9106e-04|1.6253e-04|
|la|00005|334|-1.1415e-01|-4.6651e-01|1.2968e+00|6.8887e-05|6.3144e-04|1.0759e-04|
|la|00005|336|-1.3366e-01|-4.3390e-01|1.2725e+00|1.6787e-05|6.6331e-04|4.7437e-05|
|la|00005|338|-1.5179e-01|-3.9920e-01|1.2410e+00|-3.6087e-05|6.8589e-04|-1.7972e-05|
|la|00005|340|-1.6845e-01|-3.6229e-01|1.2025e+00|-8.7833e-05|6.9864e-04|-8.8475e-05|
|la|00005|342|-1.8366e-01|-3.2301e-01|1.1573e+00|-1.3644e-04|7.0131e-04|-1.6368e-04|
|la|00005|344|-1.9754e-01|-2.8127e-01|1.1056e+00|-1.7985e-04|6.9394e-04|-2.4293e-04|
|la|00005|346|-2.1038e-01|-2.3700e-01|1.0477e+00|-2.1607e-04|6.7693e-04|-3.2531e-04|
|la|00005|348|-2.2256e-01|-1.9025e-01|9.8381e-01|-2.4321e-04|6.5103e-04|-4.0966e-04|
|la|00005|350|-2.3455e-01|-1.4118e-01|9.1411e-01|-2.5967e-04|6.1730e-04|-4.9455e-04|
|la|00005|352|-2.4687e-01|-9.0119e-02|8.3872e-01|-2.6416e-04|5.7714e-04|-5.7835e-04|
|la|00005|354|-2.6004e-01|-3.7562e-02|7.5772e-01|-2.5588e-04|5.3215e-04|-6.5923e-04|
|la|00005|356|-2.7451e-01|1.5783e-02|6.7113e-01|-2.3456e-04|4.8408e-04|-7.3532e-04|
|la|00005|358|-2.9059e-01|6.9019e-02|5.7896e-01|-2.0054e-04|4.3469e-04|-8.0468e-04|
|la|00005|360|-3.0837e-01|1.2107e-01|4.8124e-01|-1.5474e-04|3.8558e-04|-8.6552e-04|
|la|00005|362|-3.2764e-01|1.7076e-01|3.7805e-01|-9.8594e-05|3.3801e-04|-9.1619e-04|
|la|00005|364|-3.4782e-01|2.1685e-01|2.6964e-01|-3.3879e-05|2.9276e-04|-9.5537e-04|
|la|00005|366|-3.6795e-01|2.5820e-01|1.5650e-01|3.7577e-05|2.5001e-04|-9.8203e-04|
|la|00005|368|-3.8672e-01|2.9389e-01|3.9441e-02|1.1424e-04|2.0934e-04|-9.9542e-04|
|la|00005|370|-4.0256e-01|3.2335e-01|-8.0283e-02|1.9527e-04|1.6995e-04|-9.9495e-04|
|la|00005|372|-4.1385e-01|3.4651e-01|-2.0094e-01|2.8074e-04|1.3104e-04|-9.7987e-04|
|la|00005|374|-4.1915e-01|3.6384e-01|-3.2034e-01|3.7173e-04|9.2422e-05|-9.4900e-04|
|la|00005|376|-4.1753e-01|3.7630e-01|-4.3586e-01|4.6984e-04|5.5289e-05|-9.0034e-04|
|la|00005|378|-4.0884e-01|3.8515e-01|-5.4472e-01|5.7621e-04|2.2809e-05|-8.3093e-04|
|la|00005|380|-3.9383e-01|3.9163e-01|-6.4421e-01|6.9006e-04|3.2645e-07|-7.3707e-04|
|la|00005|382|-3.7411e-01|3.9658e-01|-7.3199e-01|8.0698e-04|-5.2744e-06|-6.1512e-04|
|la|00005|384|-3.5174e-01|4.0002e-01|-8.0641e-01|9.1778e-04|1.2781e-05|-4.6291e-04|
|la|00005|386|-3.2873e-01|4.0104e-01|-8.6660e-01|1.0087e-03|5.8673e-05|-2.8137e-04|
|la|00005|388|-3.0635e-01|3.9789e-01|-9.1241e-01|1.0634e-03|1.3140e-04|-7.6082e-05|
|la|00005|390|-2.8470e-01|3.8850e-01|-9.4408e-01|1.0671e-03|2.2318e-04|1.4242e-04|
|la|00005|392|-2.6274e-01|3.7112e-01|-9.6192e-01|1.0109e-03|3.1994e-04|3.5971e-04|
|la|00005|394|-2.3867e-01|3.4498e-01|-9.6595e-01|8.9577e-04|4.0410e-04|5.6014e-04|
|la|00005|396|-2.1078e-01|3.1058e-01|-9.5585e-01|7.3309e-04|4.5901e-04|7.3020e-04|
|la|00005|398|-1.7819e-01|2.6955e-01|-9.3114e-01|5.4262e-04|4.7326e-04|8.6133e-04|
|la|00005|400|-1.4131e-01|2.2417e-01|-8.9151e-01|3.4753e-04|4.4342e-04|9.5133e-04|
|la|00005|402|-1.0185e-01|1.7669e-01|-8.3721e-01|1.6910e-04|3.7420e-04|1.0038e-03|
|la|00005|404|-6.2289e-02|1.2876e-01|-7.6925e-01|2.2601e-05|2.7634e-04|1.0263e-03|
|la|00005|406|-2.5296e-02|8.1210e-02|-6.8939e-01|-8.4439e-05|1.6333e-04|1.0280e-03|
|la|00005|408|6.9392e-03|3.4043e-02|-5.9993e-01|-1.5176e-04|4.8267e-05|1.0172e-03|
|la|00005|410|3.3074e-02|-1.3260e-02|-5.0342e-01|-1.8436e-04|-5.8423e-05|1.0004e-03|
|la|00005|412|5.2730e-02|-6.1417e-02|-4.0231e-01|-1.8998e-04|-1.4997e-04|9.8180e-04|
|la|00005|414|6.6375e-02|-1.1102e-01|-2.9878e-01|-1.7691e-04|-2.2321e-04|9.6323e-04|
|la|00005|416|7.5062e-02|-1.6235e-01|-1.9454e-01|-1.5248e-04|-2.7780e-04|9.4507e-04|
|la|00005|418|8.0127e-02|-2.1523e-01|-9.0844e-02|-1.2225e-04|-3.1530e-04|9.2676e-04|
|la|00005|420|8.2924e-02|-2.6912e-01|1.1473e-02|-8.9941e-05|-3.3820e-04|9.0739e-04|
