|vl|00005|0|6.5221e-05|-2.2436e-04|2.1554e-04|-1.4378e-05|-3.0471e-06|1.1433e-05|
|vl|00005|2|6.5234e-05|-2.2115e-04|2.1556e-04|-1.4693e-05|-1.2599e-06|1.1456e-05|
|vl|00005|4|6.5243e-05|-2.1803e-04|2.1560e-04|-1.4751e-05|4.2524e-07|1.1196e-05|
|vl|00005|6|6.5248e-05|-2.1506e-04|2.1564e-04|-1.4569e-05|1.9613e-06|1.0698e-05|
|vl|00005|8|6.5248e-05|-2.1230e-04|2.1568e-04|-1.4172e-05|3.3186e-06|1.0013e-05|
|vl|00005|10|6.5243e-05|-2.0978e-04|2.1573e-04|-1.3589e-05|4.4832e-06|9.1904e-06|
|vl|00005|12|6.5232e-05|-2.0752e-04|2.1578e-04|-1.2847e-05|5.4540e-06|8.2782e-06|
|vl|00005|14|6.5217e-05|-2.0553e-04|2.1583e-04|-1.1976e-05|6.2396e-06|7.3159e-06|
|vl|00005|16|6.5198e-05|-2.0381e-04|2.1588e-04|-1.1001e-05|6.8548e-06|6.3362e-06|
|vl|00005|18|6.5176e-05|-2.0235e-04|2.1592e-04|-9.9458e-06|7.3179e-06|5.3641e-06|
|vl|00005|20|6.5152e-05|-2.0113e-04|2.1595e-04|-8.8322e-06|7.6483e-06|4.4178e-06|
|vl|00005|22|6.5125e-05|-2.0013e-04|2.1598e-04|-7.6783e-06|7.8651e-06|3.5096e-06|
|vl|00005|24|6.5098e-05|-1.9935e-04|2.1601e-04|-6.4995e-06|7.9864e-06|2.6474e-06|
|vl|00005|26|6.5070e-05|-1.9875e-04|2.1603e-04|-5.3087e-06|8.0283e-06|1.8352e-06|
|vl|00005|28|6.5042e-05|-1.9833e-04|2.1605e-04|-4.1166e-06|8.0049e-06|1.0745e-06|
|vl|00005|30|6.5014e-05|-1.9807e-04|2.1606e-04|-2.9322e-06|7.9283e-06|3.6466e-07|
|vl|00005|32|6.4987e-05|-1.9795e-04|2.1607e-04|-1.7625e-06|7.8088e-06|-2.9607e-07|
|vl|00005|34|6.4961e-05|-1.9795e-04|2.1607e-04|-6.1320e-07|7.6548e-06|-9.1037e-07|
|vl|00005|36|6.4936e-05|-1.9807e-04|2.1607e-04|5.1094e-07|7.4731e-06|-1.4814e-06|
|vl|00005|38|6.4912e-05|-1.9830e-04|2.1607e-04|1.6063e-06|7.2693e-06|-2.0127e-06|
|vl|00005|40|6.4889e-05|-1.9863e-04|2.1607e-04|2.6698e-06|7.0477e-06|-2.5075e-06|
|vl|00005|42|6.4868e-05|-1.9904e-04|2.1606e-04|3.6991e-06|6.8118e-06|-2.9694e-06|
|vl|00005|44|6.4849e-05|-1.9953e-04|2.1606e-04|4.6922e-06|6.5640e-06|-3.4017e-06|
|vl|00005|46|6.4831e-05|-2.0010e-04|2.1605e-04|5.6475e-06|6.3061e-06|-3.8073e-06|
|vl|00005|48|6.4815e-05|-2.0074e-04|2.1604e-04|6.5636e-06|6.0396e-06|-4.1892e-06|
|vl|00005|50|6.4801e-05|-2.0145e-04|2.1603e-04|7.4392e-06|5.7651e-06|-4.5499e-06|
|vl|00005|52|6.4788e-05|-2.0222e-04|2.1602e-04|8.2732e-06|5.4828e-06|-4.8918e-06|
|vl|00005|54|6.4776e-05|-2.0305e-04|2.1602e-04|9.0645e-06|5.1929e-06|-5.2171e-06|
|vl|00005|56|6.4767e-05|-2.0393e-04|2.1601e-04|9.8119e-06|4.8949e-06|-5.5276e-06|
|vl|00005|58|6.4758e-05|-2.0487e-04|2.1600e-04|1.0514e-05|4.5882e-06|-5.8249e-06|
|vl|00005|60|6.4751e-05|-2.0587e-04|2.1600e-04|1.1170e-05|4.2717e-06|-6.1105e-06|
|vl|00005|62|6.4746e-05|-2.0692e-04|2.1599e-04|1.1778e-05|3.9445e-06|-6.3853e-06|
|vl|00005|64|6.4741e-05|-2.0802e-04|2.1599e-04|1.2336e-05|3.6050e-06|-6.6503e-06|
|vl|00005|66|6.4738e-05|-2.0918e-04|2.1599e-04|1.2843e-05|3.2516e-06|-6.9061e-06|
|vl|00005|68|6.4736e-05|-2.1039e-04|2.1599e-04|1.3295e-05|2.8825e-06|-7.1530e-06|
|vl|00005|70|6.4734e-05|-2.1165e-04|2.1599e-04|1.3692e-05|2.4956e-06|-7.3908e-06|
|vl|00005|72|6.4733e-05|-2.1296e-04|2.1600e-04|1.4030e-05|2.0887e-06|-7.6193e-06|
|vl|00005|74|6.4733e-05|-2.1433e-04|2.1601e-04|1.4306e-05|1.6593e-06|-7.8375e-06|
|vl|00005|76|6.4733e-05|-2.1575e-04|2.1603e-04|1.4516e-05|1.2047e-06|-8.0441e-06|
|vl|00005|78|6.4734e-05|-2.1722e-04|2.1604e-04|1.4657e-05|7.2206e-07|-8.2373e-06|
|vl|00005|80|6.4734e-05|-2.1875e-04|2.1606e-04|1.4724e-05|2.0850e-07|-8.4145e-06|
|vl|00005|82|6.4733e-05|-2.2032e-04|2.1609e-04|1.4713e-05|-3.3905e-07|-8.5725e-06|
|vl|00005|84|6.4732e-05|-2.2195e-04|2.1612e-04|1.4618e-05|-9.2362e-07|-8.7068e-06|
|vl|00005|86|6.4730e-05|-2.2362e-04|2.1615e-04|1.4433e-05|-1.5481e-06|-8.8124e-06|
|vl|00005|88|6.4726e-05|-2.2533e-04|2.1618e-04|1.4153e-05|-2.2150e-06|-8.8826e-06|
|vl|00005|90|6.4720e-05|-2.2708e-04|2.1622e-04|1.3770e-05|-2.9264e-06|-8.9095e-06|
|vl|00005|92|6.4712e-05|-2.2885e-04|2.1626e-04|1.3279e-05|-3.6834e-06|-8.8836e-06|
|vl|00005|94|6.4701e-05|-2.3065e-04|2.1631e-04|1.2672e-05|-4.4857e-06|-8.7937e-06|
|vl|00005|96|6.4687e-05|-2.3244e-04|2.1635e-04|1.1943e-05|-5.3313e-06|-8.6268e-06|
|vl|00005|98|6.4669e-05|-2.3421e-04|2.1640e-04|1.1085e-05|-6.2154e-06|-8.3682e-06|
|vl|00005|100|6.4647e-05|-2.3594e-04|2.1644e-04|1.0093e-05|-7.1297e-06|-8.0014e-06|
|vl|00005|102|6.4622e-05|-2.3760e-04|2.1648e-04|8.9643e-06|-8.0617e-06|-7.5092e-06|
|vl|00005|104|6.4592e-05|-2.3915e-04|2.1652e-04|7.6964e-06|-8.9934e-06|-6.8739e-06|
|vl|00005|106|6.4559e-05|-2.4055e-04|2.1656e-04|6.2913e-06|-9.9003e-06|-6.0794e-06|
|vl|00005|108|6.4523e-05|-2.4176e-04|2.1658e-04|4.7549e-06|-1.0751e-05|-5.1124e-06|
|vl|00005|110|6.4485e-05|-2.4271e-04|2.1659e-04|3.0983e-06|-1.1507e-05|-3.9653e-06|
|vl|00005|112|6.4446e-05|-2.4335e-04|2.1660e-04|1.3390e-06|-1.2124e-05|-2.6396e-06|
|vl|00005|114|6.4409e-05|-2.4364e-04|2.1659e-04|-4.9870e-07|-1.2554e-05|-1.1483e-06|
|vl|00005|116|6.4374e-05|-2.4351e-04|2.1657e-04|-2.3831e-06|-1.2747e-05|4.8062e-07|
|vl|00005|118|6.4345e-05|-2.4292e-04|2.1654e-04|-4.2754e-06|-1.2661e-05|2.2031e-06|
|vl|00005|120|6.4322e-05|-2.4186e-04|2.1651e-04|-6.1314e-06|-1.2263e-05|3.9594e-06|
|vl|00005|122|6.4308e-05|-2.4032e-04|2.1647e-04|-7.9031e-06|-1.1538e-05|5.6774e-06|
|vl|00005|124|6.4301e-05|-2.3832e-04|2.1643e-04|-9.5423e-06|-1.0495e-05|7.2787e-06|
|vl|00005|126|6.4303e-05|-2.3591e-04|2.1640e-04|-1.1004e-05|-9.1658e-06|8.6875e-06|
|vl|00005|128|6.4310e-05|-2.3317e-04|2.1637e-04|-1.2249e-05|-7.6047e-06|9.8388e-06|
|vl|00005|130|6.4322e-05|-2.3017e-04|2.1636e-04|-1.3249e-05|-5.8833e-06|1.0687e-05|
|vl|00005|132|6.4336e-05|-2.2703e-04|2.1636e-04|-1.3986e-05|-4.0813e-06|1.1209e-05|
|vl|00005|134|6.4350e-05|-2.2384e-04|2.1638e-04|-1.4454e-05|-2.2774e-06|1.1407e-05|
|vl|00005|136|6.4361e-05|-2.2068e-04|2.1641e-04|-1.4659e-05|-5.4170e-07|1.1305e-05|
|vl|00005|138|6.4368e-05|-2.1764e-04|2.1645e-04|-1.4615e-05|1.0702e-06|1.0940e-05|
|vl|00005|140|6.4371e-05|-2.1478e-04|2.1649e-04|-1.4344e-05|2.5194e-06|1.0361e-05|
|vl|00005|142|6.4368e-05|-2.1214e-04|2.1654e-04|-1.3872e-05|3.7838e-06|9.6192e-06|
|vl|00005|144|6.4360e-05|-2.0975e-04|2.1659e-04|-1.3227e-05|4.8558e-06|8.7624e-06|
|vl|00005|146|6.4347e-05|-2.0762e-04|2.1664e-04|-1.2437e-05|5.7389e-06|7.8346e-06|
|vl|00005|148|6.4329e-05|-2.0576e-04|2.1668e-04|-1.1529e-05|6.4448e-06|6.8720e-06|
|vl|00005|150|6.4308e-05|-2.0416e-04|2.1673e-04|-1.0529e-05|6.9898e-06|5.9036e-06|
|vl|00005|152|6.4285e-05|-2.0280e-04|2.1677e-04|-9.4584e-06|7.3926e-06|4.9509e-06|
|vl|00005|154|6.4259e-05|-2.0168e-04|2.1680e-04|-8.3377e-06|7.6726e-06|4.0294e-06|
|vl|00005|156|6.4232e-05|-2.0078e-04|2.1683e-04|-7.1833e-06|7.8482e-06|3.1492e-06|
|vl|00005|158|6.4204e-05|-2.0008e-04|2.1685e-04|-6.0095e-06|7.9364e-06|2.3163e-06|
|vl|00005|160|6.4176e-05|-1.9956e-04|2.1687e-04|-4.8282e-06|7.9522e-06|1.5334e-06|
|vl|00005|162|6.4147e-05|-1.9920e-04|2.1688e-04|-3.6490e-06|7.9087e-06|8.0114e-07|
|vl|00005|164|6.4120e-05|-1.9899e-04|2.1689e-04|-2.4801e-06|7.8171e-06|1.1832e-07|
|vl|00005|166|6.4093e-05|-1.9892e-04|2.1690e-04|-1.3277e-06|7.6866e-06|-5.1722e-07|
|vl|00005|168|6.4067e-05|-1.9896e-04|2.1690e-04|-1.9731e-07|7.5248e-06|-1.1083e-06|
|vl|00005|170|6.4043e-05|-1.9912e-04|2.1690e-04|9.0705e-07|7.3381e-06|-1.6583e-06|
|vl|00005|172|6.4020e-05|-1.9938e-04|2.1690e-04|1.9820e-06|7.1311e-06|-2.1705e-06|
|vl|00005|174|6.3998e-05|-1.9974e-04|2.1689e-04|3.0247e-06|6.9080e-06|-2.6483e-06|
|vl|00005|176|6.3978e-05|-2.0017e-04|2.1689e-04|4.0331e-06|6.6716e-06|-3.0950e-06|
|vl|00005|178|6.3959e-05|-2.0069e-04|2.1688e-04|5.0052e-06|6.4241e-06|-3.5138e-06|
|vl|00005|180|6.3943e-05|-2.0128e-04|2.1687e-04|5.9397e-06|6.1671e-06|-3.9076e-06|
|vl|00005|182|6.3927e-05|-2.0194e-04|2.1686e-04|6.8350e-06|5.9016e-06|-4.2792e-06|
|vl|00005|184|6.3914e-05|-2.0266e-04|2.1685e-04|7.6901e-06|5.6282e-06|-4.6309e-06|
|vl|00005|186|6.3902e-05|-2.0344e-04|2.1684e-04|8.5038e-06|5.3470e-06|-4.9651e-06|
|vl|00005|188|6.3891e-05|-2.0428e-04|2.1684e-04|9.2748e-06|5.0579e-06|-5.2837e-06|
|vl|00005|190|6.3882e-05|-2.0518e-04|2.1683e-04|1.0002e-05|4.7603e-06|-5.5885e-06|
|vl|00005|192|6.3875e-05|-2.0613e-04|2.1682e-04|1.0684e-05|4.4535e-06|-5.8809e-06|
|vl|00005|194|6.3868e-05|-2.0714e-04|2.1682e-04|1.1320e-05|4.1364e-06|-6.1622e-06|
|vl|00005|196|6.3863e-05|-2.0820e-04|2.1681e-04|1.1907e-05|3.8078e-06|-6.4335e-06|
|vl|00005|198|6.3860e-05|-2.0932e-04|2.1681e-04|1.2445e-05|3.4661e-06|-6.6954e-06|
|vl|00005|200|6.3857e-05|-2.1049e-04|2.1681e-04|1.2931e-05|3.1098e-06|-6.9485e-06|
|vl|00005|202|6.3855e-05|-2.1171e-04|2.1682e-04|1.3362e-05|2.7367e-06|-7.1928e-06|
|vl|00005|204|6.3854e-05|-2.1298e-04|2.1682e-04|1.3737e-05|2.3449e-06|-7.4282e-06|
|vl|00005|206|6.3854e-05|-2.1431e-04|2.1683e-04|1.4052e-05|1.9318e-06|-7.6541e-06|
|vl|00005|208|6.3854e-05|-2.1569e-04|2.1684e-04|1.4304e-05|1.4950e-06|-7.8694e-06|
|vl|00005|210|6.3854e-05|-2.1712e-04|2.1686e-04|1.4489e-05|1.0317e-06|-8.0727e-06|
|vl|00005|212|6.3854e-05|-2.1861e-04|2.1688e-04|1.4604e-05|5.3903e-07|-8.2617e-06|
|vl|00005|214|6.3854e-05|-2.2015e-04|2.1690e-04|1.4643e-05|1.3965e-08|-8.4336e-06|
|vl|00005|216|6.3853e-05|-2.2174e-04|2.1693e-04|1.4602e-05|-5.4655e-07|-8.5848e-06|
|vl|00005|218|6.3851e-05|-2.2338e-04|2.1696e-04|1.4475e-05|-1.1455e-06|-8.7104e-06|
|vl|00005|220|6.3848e-05|-2.2506e-04|2.1699e-04|1.4256e-05|-1.7857e-06|-8.8049e-06|
|vl|00005|222|6.3843e-05|-2.2679e-04|2.1703e-04|1.3940e-05|-2.4695e-06|-8.8609e-06|
|vl|00005|224|6.3836e-05|-2.2854e-04|2.1707e-04|1.3518e-05|-3.1987e-06|-8.8700e-06|
|vl|00005|226|6.3826e-05|-2.3032e-04|2.1711e-04|1.2985e-05|-3.9737e-06|-8.8219e-06|
|vl|00005|228|6.3813e-05|-2.3211e-04|2.1715e-04|1.2334e-05|-4.7938e-06|-8.7045e-06|
|vl|00005|230|6.3797e-05|-2.3390e-04|2.1720e-04|1.1558e-05|-5.6556e-06|-8.5040e-06|
|vl|00005|232|6.3777e-05|-2.3565e-04|2.1724e-04|1.0651e-05|-6.5532e-06|-8.2050e-06|
|vl|00005|234|6.3753e-05|-2.3736e-04|2.1729e-04|9.6081e-06|-7.4764e-06|-7.7906e-06|
|vl|00005|236|6.3725e-05|-2.3897e-04|2.1733e-04|8.4272e-06|-8.4105e-06|-7.2430e-06|
|vl|00005|238|6.3694e-05|-2.4047e-04|2.1736e-04|7.1078e-06|-9.3347e-06|-6.5452e-06|
|vl|00005|240|6.3659e-05|-2.4179e-04|2.1739e-04|5.6532e-06|-1.0222e-05|-5.6817e-06|
|vl|00005|242|6.3621e-05|-2.4290e-04|2.1741e-04|4.0714e-06|-1.1037e-05|-4.6417e-06|
|vl|00005|244|6.3583e-05|-2.4373e-04|2.1742e-04|2.3761e-06|-1.1739e-05|-3.4211e-06|
|vl|00005|246|6.3544e-05|-2.4422e-04|2.1742e-04|5.8765e-07|-1.2281e-05|-2.0260e-06|
|vl|00005|248|6.3508e-05|-2.4434e-04|2.1740e-04|-1.2664e-06|-1.2615e-05|-4.7587e-07|
|vl|00005|250|6.3476e-05|-2.4402e-04|2.1738e-04|-3.1512e-06|-1.2693e-05|1.1943e-06|
|vl|00005|252|6.3450e-05|-2.4324e-04|2.1734e-04|-5.0255e-06|-1.2476e-05|2.9332e-06|
|vl|00005|254|6.3432e-05|-2.4198e-04|2.1731e-04|-6.8433e-06|-1.1940e-05|4.6753e-06|
|vl|00005|256|6.3421e-05|-2.4025e-04|2.1727e-04|-8.5563e-06|-1.1079e-05|6.3448e-06|
|vl|00005|258|6.3419e-05|-2.3808e-04|2.1723e-04|-1.0117e-05|-9.9128e-06|7.8639e-06|
|vl|00005|260|6.3424e-05|-2.3554e-04|2.1720e-04|-1.1484e-05|-8.4837e-06|9.1609e-06|
|vl|00005|262|6.3434e-05|-2.3270e-04|2.1718e-04|-1.2622e-05|-6.8544e-06|1.0179e-05|
|vl|00005|264|6.3448e-05|-2.2965e-04|2.1718e-04|-1.3508e-05|-5.1006e-06|1.0883e-05|
|vl|00005|266|6.3462e-05|-2.2650e-04|2.1719e-04|-1.4128e-05|-3.3021e-06|1.1261e-05|
|vl|00005|268|6.3475e-05|-2.2333e-04|2.1721e-04|-1.4483e-05|-1.5341e-06|1.1326e-05|
|vl|00005|270|6.3484e-05|-2.2024e-04|2.1725e-04|-1.4582e-05|1.3998e-07|1.1107e-05|
|vl|00005|272|6.3489e-05|-2.1730e-04|2.1729e-04|-1.4443e-05|1.6723e-06|1.0649e-05|
|vl|00005|274|6.3488e-05|-2.1455e-04|2.1733e-04|-1.4090e-05|3.0321e-06|1.0001e-05|
|vl|00005|276|6.3483e-05|-2.1203e-04|2.1738e-04|-1.3548e-05|4.2042e-06|9.2130e-06|
|vl|00005|278|6.3472e-05|-2.0977e-04|2.1743e-04|-1.2847e-05|5.1863e-06|8.3308e-06|
|vl|00005|280|6.3456e-05|-2.0777e-04|2.1748e-04|-1.2015e-05|5.9860e-06|7.3945e-06|
|vl|00005|282|6.3437e-05|-2.0603e-04|2.1753e-04|-1.1076e-05|6.6170e-06|6.4371e-06|
|vl|00005|284|6.3414e-05|-2.0454e-04|2.1757e-04|-1.0055e-05|7.0970e-06|5.4836e-06|
|vl|00005|286|6.3389e-05|-2.0329e-04|2.1760e-04|-8.9733e-06|7.4447e-06|4.5528e-06|
|vl|00005|288|6.3362e-05|-2.0227e-04|2.1763e-04|-7.8483e-06|7.6789e-06|3.6574e-06|
|vl|00005|290|6.3334e-05|-2.0145e-04|2.1766e-04|-6.6959e-06|7.8174e-06|2.8055e-06|
|vl|00005|292|6.3306e-05|-2.0083e-04|2.1768e-04|-5.5290e-06|7.8759e-06|2.0016e-06|
|vl|00005|294|6.3278e-05|-2.0037e-04|2.1770e-04|-4.3584e-06|7.8687e-06|1.2473e-06|
|vl|00005|296|6.3250e-05|-2.0007e-04|2.1771e-04|-3.1930e-06|7.8076e-06|5.4254e-07|
|vl|00005|298|6.3222e-05|-1.9992e-04|2.1771e-04|-2.0401e-06|7.7029e-06|-1.1438e-07|
|vl|00005|300|6.3196e-05|-1.9989e-04|2.1772e-04|-9.0554e-07|7.5630e-06|-7.2590e-07|
|vl|00005|302|6.3171e-05|-1.9998e-04|2.1772e-04|2.0596e-07|7.3948e-06|-1.2950e-06|
|vl|00005|304|6.3147e-05|-2.0017e-04|2.1772e-04|1.2906e-06|7.2038e-06|-1.8250e-06|
|vl|00005|306|6.3125e-05|-2.0046e-04|2.1771e-04|2.3453e-06|6.9945e-06|-2.3193e-06|
|vl|00005|308|6.3104e-05|-2.0084e-04|2.1771e-04|3.3675e-06|6.7702e-06|-2.7811e-06|
|vl|00005|310|6.3084e-05|-2.0130e-04|2.1770e-04|4.3552e-06|6.5337e-06|-3.2136e-06|
|vl|00005|312|6.3067e-05|-2.0184e-04|2.1769e-04|5.3068e-06|6.2867e-06|-3.6198e-06|
|vl|00005|314|6.3051e-05|-2.0244e-04|2.1768e-04|6.2208e-06|6.0306e-06|-4.0027e-06|
|vl|00005|316|6.3036e-05|-2.0312e-04|2.1767e-04|7.0958e-06|5.7662e-06|-4.3646e-06|
|vl|00005|318|6.3024e-05|-2.0385e-04|2.1766e-04|7.9307e-06|5.4939e-06|-4.7080e-06|
|vl|00005|320|6.3013e-05|-2.0465e-04|2.1765e-04|8.7243e-06|5.2136e-06|-5.0350e-06|
|vl|00005|322|6.3003e-05|-2.0550e-04|2.1764e-04|9.4754e-06|4.9250e-06|-5.3475e-06|
|vl|00005|324|6.2995e-05|-2.0642e-04|2.1764e-04|1.0183e-05|4.6276e-06|-5.6470e-06|
|vl|00005|326|6.2988e-05|-2.0738e-04|2.1763e-04|1.0845e-05|4.3204e-06|-5.9349e-06|
|vl|00005|328|6.2983e-05|-2.0840e-04|2.1763e-04|1.1461e-05|4.0024e-06|-6.2125e-06|
|vl|00005|330|6.2978e-05|-2.0948e-04|2.1762e-04|1.2028e-05|3.6721e-06|-6.4805e-06|
|vl|00005|332|6.2975e-05|-2.1060e-04|2.1762e-04|1.2545e-05|3.3279e-06|-6.7396e-06|
|vl|00005|334|6.2973e-05|-2.1178e-04|2.1763e-04|1.3010e-05|2.9681e-06|-6.9901e-06|
|vl|00005|336|6.2972e-05|-2.1302e-04|2.1763e-04|1.3421e-05|2.5907e-06|-7.2320e-06|
|vl|00005|338|6.2971e-05|-2.1430e-04|2.1764e-04|1.3773e-05|2.1933e-06|-7.4650e-06|
|vl|00005|340|6.2971e-05|-2.1565e-04|2.1765e-04|1.4065e-05|1.7735e-06|-7.6883e-06|
|vl|00005|342|6.2971e-05|-2.1704e-04|2.1766e-04|1.4293e-05|1.3288e-06|-7.9007e-06|
|vl|00005|344|6.2971e-05|-2.1849e-04|2.1768e-04|1.4453e-05|8.5618e-07|-8.1004e-06|
|vl|00005|346|6.2971e-05|-2.1999e-04|2.1770e-04|1.4541e-05|3.5279e-07|-8.2849e-06|
|vl|00005|348|6.2970e-05|-2.2155e-04|2.1773e-04|1.4552e-05|-1.8446e-07|-8.4510e-06|
|vl|00005|350|6.2969e-05|-2.2315e-04|2.1775e-04|1.4480e-05|-7.5861e-07|-8.5948e-06|
|vl|00005|352|6.2966e-05|-2.2480e-04|2.1779e-04|1.4321e-05|-1.3726e-06|-8.7109e-06|
|vl|00005|354|6.2962e-05|-2.2650e-04|2.1782e-04|1.4068e-05|-2.0292e-06|-8.7931e-06|
|vl|00005|356|6.2956e-05|-2.2823e-04|2.1786e-04|1.3713e-05|-2.7304e-06|-8.8337e-06|
|vl|00005|358|6.2947e-05|-2.3000e-04|2.1790e-04|1.3252e-05|-3.4775e-06|-8.8232e-06|
|vl|00005|360|6.2936e-05|-2.3178e-04|2.1794e-04|1.2676e-05|-4.2707e-06|-8.7508e-06|
|vl|00005|362|6.2921e-05|-2.3357e-04|2.1799e-04|1.1980e-05|-5.1081e-06|-8.6035e-06|
|vl|00005|364|6.2903e-05|-2.3534e-04|2.1803e-04|1.1156e-05|-5.9853e-06|-8.3668e-06|
|vl|00005|366|6.2881e-05|-2.3707e-04|2.1808e-04|1.0199e-05|-6.8948e-06|-8.0244e-06|
|vl|00005|368|6.2855e-05|-2.3874e-04|2.1812e-04|9.1048e-06|-7.8244e-06|-7.5591e-06|
|vl|00005|370|6.2825e-05|-2.4031e-04|2.1816e-04|7.8722e-06|-8.7569e-06|-6.9530e-06|
|vl|00005|372|6.2791e-05|-2.4174e-04|2.1819e-04|6.5019e-06|-9.6688e-06|-6.1897e-06|
|vl|00005|374|6.2754e-05|-2.4298e-04|2.1821e-04|4.9993e-06|-1.0529e-05|-5.2553e-06|
|vl|00005|376|6.2716e-05|-2.4397e-04|2.1823e-04|3.3746e-06|-1.1301e-05|-4.1416e-06|
|vl|00005|378|6.2677e-05|-2.4467e-04|2.1823e-04|1.6444e-06|-1.1940e-05|-2.8487e-06|
|vl|00005|380|6.2640e-05|-2.4501e-04|2.1822e-04|-1.6802e-07|-1.2399e-05|-1.3881e-06|
|vl|00005|382|6.2606e-05|-2.4495e-04|2.1820e-04|-2.0319e-06|-1.2628e-05|2.1382e-07|
|vl|00005|384|6.2577e-05|-2.4445e-04|2.1817e-04|-3.9095e-06|-1.2584e-05|1.9150e-06|
|vl|00005|386|6.2554e-05|-2.4347e-04|2.1813e-04|-5.7574e-06|-1.2233e-05|3.6574e-06|
|vl|00005|388|6.2540e-05|-2.4201e-04|2.1809e-04|-7.5283e-06|-1.1559e-05|5.3704e-06|
|vl|00005|390|6.2534e-05|-2.4010e-04|2.1805e-04|-9.1743e-06|-1.0567e-05|6.9766e-06|
|vl|00005|392|6.2536e-05|-2.3778e-04|2.1802e-04|-1.0650e-05|-9.2881e-06|8.4001e-06|
|vl|00005|394|6.2544e-05|-2.3512e-04|2.1800e-04|-1.1917e-05|-7.7732e-06|9.5753e-06|
|vl|00005|396|6.2556e-05|-2.3220e-04|2.1799e-04|-1.2945e-05|-6.0918e-06|1.0455e-05|
|vl|00005|398|6.2571e-05|-2.2912e-04|2.1799e-04|-1.3716e-05|-4.3220e-06|1.1014e-05|
|vl|00005|400|6.2584e-05|-2.2597e-04|2.1801e-04|-1.4222e-05|-2.5421e-06|1.1253e-05|
|vl|00005|402|6.2595e-05|-2.2286e-04|2.1804e-04|-1.4467e-05|-8.2190e-07|1.1193e-05|
|vl|00005|404|6.2603e-05|-2.1984e-04|2.1807e-04|-1.4466e-05|7.8229e-07|1.0869e-05|
|vl|00005|406|6.2605e-05|-2.1700e-04|2.1812e-04|-1.4237e-05|2.2307e-06|1.0329e-05|
|vl|00005|408|6.2601e-05|-2.1437e-04|2.1817e-04|-1.3808e-05|3.5000e-06|9.6232e-06|
|vl|00005|410|6.2593e-05|-2.1197e-04|2.1822e-04|-1.3204e-05|4.5813e-06|8.7986e-06|
|vl|00005|412|6.2579e-05|-2.0984e-04|2.1827e-04|-1.2454e-05|5.4770e-06|7.8989e-06|
|vl|00005|414|6.2561e-05|-2.0796e-04|2.1831e-04|-1.1584e-05|6.1977e-06|6.9607e-06|
|vl|00005|416|6.2540e-05|-2.0634e-04|2.1836e-04|-1.0619e-05|6.7591e-06|6.0129e-06|
|vl|00005|418|6.2516e-05|-2.0496e-04|2.1839e-04|-9.5820e-06|7.1790e-06|5.0775e-06|
|vl|00005|420|6.2489e-05|-2.0381e-04|2.1843e-04|-8.4917e-06|7.4764e-06|4.1703e-06|
|pn|00005|0|6.5215e-05|-2.2440e-04|2.1554e-04|-1.4828e-05|-3.0344e-06|1.1960e-05|
|pn|00005|2|6.5228e-05|-2.2107e-04|2.1556e-04|-1.5134e-05|-1.1502e-06|1.1964e-05|
|pn|00005|4|6.5237e-05|-2.1784e-04|2.1560e-04|-1.5169e-05|6.1648e-07|1.1672e-05|
|pn|00005|6|6.5242e-05|-2.1478e-04|2.1564e-04|-1.4954e-05|2.2143e-06|1.1134e-05|
|pn|00005|8|6.5242e-05|-2.1195e-04|2.1568e-04|-1.4516e-05|3.6120e-06|1.0403e-05|
|pn|00005|10|6.5236e-05|-2.0939e-04|2.1573e-04|-1.3887e-05|4.7964e-06|9.5336e-06|
|pn|00005|12|6.5226e-05|-2.0711e-04|2.1578e-04|-1.3099e-05|5.7691e-06|8.5755e-06|
|pn|00005|14|6.5211e-05|-2.0512e-04|2.1583e-04|-1.2181e-05|6.5421e-06|7.5709e-06|
|pn|00005|16|6.5192e-05|-2.0341e-04|2.1587e-04|-1.1163e-05|7.1338e-06|6.5534e-06|
|pn|00005|18|6.5170e-05|-2.0198e-04|2.1592e-04|-1.0068e-05|7.5660e-06|5.5487e-06|
|pn|00005|20|6.5146e-05|-2.0079e-04|2.1595e-04|-8.9206e-06|7.8610e-06|4.5753e-06|
|pn|00005|22|6.5119e-05|-1.9984e-04|2.1598e-04|-7.7378e-06|8.0405e-06|3.6453e-06|
|pn|00005|24|6.5092e-05|-1.9910e-04|2.1601e-04|-6.5356e-06|8.1244e-06|2.7660e-06|
|pn|00005|26|6.5064e-05|-1.9856e-04|2.1603e-04|-5.3270e-06|8.1301e-06|1.9411e-06|
|pn|00005|28|6.5036e-05|-1.9818e-04|2.1605e-04|-4.1223e-06|8.0728e-06|1.1714e-06|
|pn|00005|30|6.5008e-05|-1.9797e-04|2.1606e-04|-2.9301e-06|7.9651e-06|4.5584e-07|
|pn|00005|32|6.4981e-05|-1.9789e-04|2.1607e-04|-1.7570e-06|7.8176e-06|-2.0793e-07|
|pn|00005|34|6.4955e-05|-1.9794e-04|2.1607e-04|-6.0836e-07|7.6389e-06|-8.2306e-07|
|pn|00005|36|6.4930e-05|-1.9810e-04|2.1607e-04|5.1178e-07|7.4358e-06|-1.3931e-06|
|pn|00005|38|6.4906e-05|-1.9836e-04|2.1607e-04|1.6002e-06|7.2139e-06|-1.9219e-06|
|pn|00005|40|6.4883e-05|-1.9871e-04|2.1607e-04|2.6542e-06|6.9772e-06|-2.4131e-06|
|pn|00005|42|6.4863e-05|-1.9915e-04|2.1606e-04|3.6721e-06|6.7290e-06|-2.8705e-06|
|pn|00005|44|6.4843e-05|-1.9966e-04|2.1606e-04|4.6521e-06|6.4718e-06|-3.2975e-06|
|pn|00005|46|6.4825e-05|-2.0025e-04|2.1605e-04|5.5932e-06|6.2070e-06|-3.6974e-06|
|pn|00005|48|6.4809e-05|-2.0090e-04|2.1604e-04|6.4941e-06|5.9359e-06|-4.0732e-06|
|pn|00005|50|6.4795e-05|-2.0161e-04|2.1603e-04|7.3541e-06|5.6590e-06|-4.4276e-06|
|pn|00005|52|6.4782e-05|-2.0238e-04|2.1602e-04|8.1723e-06|5.3764e-06|-4.7631e-06|
|pn|00005|54|6.4770e-05|-2.0321e-04|2.1602e-04|8.9479e-06|5.0880e-06|-5.0819e-06|
|pn|00005|56|6.4760e-05|-2.0409e-04|2.1601e-04|9.6799e-06|4.7934e-06|-5.3859e-06|
|pn|00005|58|6.4752e-05|-2.0502e-04|2.1600e-04|1.0367e-05|4.4916e-06|-5.6769e-06|
|pn|00005|60|6.4745e-05|-2.0601e-04|2.1600e-04|1.1009e-05|4.1818e-06|-5.9563e-06|
|pn|00005|62|6.4739e-05|-2.0704e-04|2.1599e-04|1.1604e-05|3.8626e-06|-6.2253e-06|
|pn|00005|64|6.4735e-05|-2.0813e-04|2.1599e-04|1.2151e-05|3.5326e-06|-6.4848e-06|
|pn|00005|66|6.4732e-05|-2.0926e-04|2.1599e-04|1.2648e-05|3.1902e-06|-6.7354e-06|
|pn|00005|68|6.4729e-05|-2.1045e-04|2.1599e-04|1.3092e-05|2.8333e-06|-6.9775e-06|
|pn|00005|70|6.4728e-05|-2.1169e-04|2.1599e-04|1.3483e-05|2.4598e-06|-7.2112e-06|
|pn|00005|72|6.4727e-05|-2.1297e-04|2.1600e-04|1.3816e-05|2.0674e-06|-7.4361e-06|
|pn|00005|74|6.4727e-05|-2.1431e-04|2.1601e-04|1.4090e-05|1.6536e-06|-7.6514e-06|
|pn|00005|76|6.4727e-05|-2.1571e-04|2.1603e-04|1.4301e-05|1.2155e-06|-7.8560e-06|
|pn|00005|78|6.4728e-05|-2.1715e-04|2.1604e-04|1.4445e-05|7.5012e-07|-8.0481e-06|
|pn|00005|80|6.4728e-05|-2.1865e-04|2.1606e-04|1.4517e-05|2.5432e-07|-8.2251e-06|
|pn|00005|82|6.4727e-05|-2.2020e-04|2.1609e-04|1.4514e-05|-2.7525e-07|-8.3840e-06|
|pn|00005|84|6.4726e-05|-2.2180e-04|2.1612e-04|1.4429e-05|-8.4197e-07|-8.5205e-06|
|pn|00005|86|6.4724e-05|-2.2345e-04|2.1615e-04|1.4258e-05|-1.4492e-06|-8.6296e-06|
|pn|00005|88|6.4720e-05|-2.2514e-04|2.1618e-04|1.3994e-05|-2.1001e-06|-8.7046e-06|
|pn|00005|90|6.4714e-05|-2.2688e-04|2.1622e-04|1.3630e-05|-2.7974e-06|-8.7378e-06|
|pn|00005|92|6.4706e-05|-2.2864e-04|2.1626e-04|1.3158e-05|-3.5433e-06|-8.7196e-06|
|pn|00005|94|6.4695e-05|-2.3043e-04|2.1631e-04|1.2573e-05|-4.3384e-06|-8.6387e-06|
|pn|00005|96|6.4681e-05|-2.3224e-04|2.1635e-04|1.1866e-05|-5.1821e-06|-8.4818e-06|
|pn|00005|98|6.4663e-05|-2.3403e-04|2.1640e-04|1.1030e-05|-6.0709e-06|-8.2337e-06|
|pn|00005|100|6.4642e-05|-2.3579e-04|2.1644e-04|1.0059e-05|-6.9981e-06|-7.8775e-06|
|pn|00005|102|6.4616e-05|-2.3749e-04|2.1648e-04|8.9481e-06|-7.9526e-06|-7.3949e-06|
|pn|00005|104|6.4586e-05|-2.3910e-04|2.1652e-04|7.6941e-06|-8.9175e-06|-6.7672e-06|
|pn|00005|106|6.4553e-05|-2.4057e-04|2.1656e-04|6.2972e-06|-9.8691e-06|-5.9766e-06|
|pn|00005|108|6.4517e-05|-2.4185e-04|2.1658e-04|4.7614e-06|-1.0776e-05|-5.0083e-06|
|pn|00005|110|6.4479e-05|-2.4289e-04|2.1659e-04|3.0964e-06|-1.1597e-05|-3.8527e-06|
|pn|00005|112|6.4440e-05|-2.4362e-04|2.1660e-04|1.3184e-06|-1.2287e-05|-2.5096e-06|
|pn|00005|114|6.4403e-05|-2.4399e-04|2.1659e-04|-5.4894e-07|-1.2790e-05|-9.9077e-07|
|pn|00005|116|6.4368e-05|-2.4394e-04|2.1657e-04|-2.4736e-06|-1.3051e-05|6.7631e-07|
|pn|00005|118|6.4339e-05|-2.4341e-04|2.1654e-04|-4.4155e-06|-1.3020e-05|2.4467e-06|
|pn|00005|120|6.4316e-05|-2.4238e-04|2.1651e-04|-6.3278e-06|-1.2656e-05|4.2582e-06|
|pn|00005|122|6.4302e-05|-2.4084e-04|2.1647e-04|-8.1589e-06|-1.1938e-05|6.0349e-06|
|pn|00005|124|6.4295e-05|-2.3881e-04|2.1643e-04|-9.8562e-06|-1.0871e-05|7.6935e-06|
|pn|00005|126|6.4297e-05|-2.3633e-04|2.1640e-04|-1.1370e-05|-9.4861e-06|9.1523e-06|
|pn|00005|128|6.4304e-05|-2.3350e-04|2.1637e-04|-1.2657e-05|-7.8442e-06|1.0342e-05|
|pn|00005|130|6.4316e-05|-2.3039e-04|2.1636e-04|-1.3685e-05|-6.0245e-06|1.1212e-05|
|pn|00005|132|6.4330e-05|-2.2712e-04|2.1636e-04|-1.4436e-05|-4.1170e-06|1.1740e-05|
|pn|00005|134|6.4344e-05|-2.2381e-04|2.1638e-04|-1.4902e-05|-2.2112e-06|1.1926e-05|
|pn|00005|136|6.4355e-05|-2.2054e-04|2.1641e-04|-1.5090e-05|-3.8571e-07|1.1798e-05|
|pn|00005|138|6.4362e-05|-2.1740e-04|2.1645e-04|-1.5017e-05|1.2978e-06|1.1396e-05|
|pn|00005|140|6.4365e-05|-2.1446e-04|2.1649e-04|-1.4708e-05|2.7976e-06|1.0774e-05|
|pn|00005|142|6.4362e-05|-2.1176e-04|2.1654e-04|-1.4192e-05|4.0913e-06|9.9847e-06|
|pn|00005|144|6.4354e-05|-2.0934e-04|2.1659e-04|-1.3500e-05|5.1731e-06|9.0811e-06|
|pn|00005|146|6.4341e-05|-2.0720e-04|2.1664e-04|-1.2663e-05|6.0498e-06|8.1089e-06|
|pn|00005|148|6.4323e-05|-2.0535e-04|2.1668e-04|-1.1710e-05|6.7365e-06|7.1061e-06|
|pn|00005|150|6.4302e-05|-2.0377e-04|2.1673e-04|-1.0669e-05|7.2534e-06|6.1025e-06|
|pn|00005|152|6.4279e-05|-2.0245e-04|2.1677e-04|-9.5616e-06|7.6224e-06|5.1202e-06|
|pn|00005|154|6.4253e-05|-2.0137e-04|2.1680e-04|-8.4093e-06|7.8654e-06|4.1744e-06|
|pn|00005|156|6.4226e-05|-2.0052e-04|2.1683e-04|-7.2291e-06|8.0032e-06|3.2750e-06|
|pn|00005|158|6.4198e-05|-1.9986e-04|2.1685e-04|-6.0350e-06|8.0543e-06|2.4274e-06|
|pn|00005|160|6.4170e-05|-1.9939e-04|2.1687e-04|-4.8387e-06|8.0349e-06|1.6339e-06|
|pn|00005|162|6.4142e-05|-1.9908e-04|2.1688e-04|-3.6497e-06|7.9588e-06|8.9448e-07|
|pn|00005|164|6.4114e-05|-1.9891e-04|2.1689e-04|-2.4755e-06|7.8377e-06|2.0748e-07|
|pn|00005|166|6.4087e-05|-1.9888e-04|2.1690e-04|-1.3222e-06|7.6809e-06|-4.2979e-07|
|pn|00005|168|6.4062e-05|-1.9897e-04|2.1690e-04|-1.9432e-07|7.4963e-06|-1.0207e-06|
|pn|00005|170|6.4037e-05|-1.9916e-04|2.1690e-04|9.0429e-07|7.2899e-06|-1.5687e-06|
|pn|00005|172|6.4014e-05|-1.9945e-04|2.1690e-04|1.9708e-06|7.0666e-06|-2.0777e-06|
|pn|00005|174|6.3992e-05|-1.9983e-04|2.1689e-04|3.0029e-06|6.8300e-06|-2.5513e-06|
|pn|00005|176|6.3972e-05|-2.0029e-04|2.1689e-04|3.9988e-06|6.5829e-06|-2.9931e-06|
|pn|00005|178|6.3954e-05|-2.0083e-04|2.1688e-04|4.9571e-06|6.3275e-06|-3.4064e-06|
|pn|00005|180|6.3937e-05|-2.0143e-04|2.1687e-04|5.8767e-06|6.0650e-06|-3.7942e-06|
|pn|00005|182|6.3921e-05|-2.0209e-04|2.1686e-04|6.7566e-06|5.7962e-06|-4.1595e-06|
|pn|00005|184|6.3908e-05|-2.0282e-04|2.1685e-04|7.5959e-06|5.5217e-06|-4.5049e-06|
|pn|00005|186|6.3896e-05|-2.0360e-04|2.1684e-04|8.3937e-06|5.2413e-06|-4.8326e-06|
|pn|00005|188|6.3885e-05|-2.0444e-04|2.1684e-04|9.1492e-06|4.9548e-06|-5.1448e-06|
|pn|00005|190|6.3876e-05|-2.0533e-04|2.1683e-04|9.8614e-06|4.6616e-06|-5.4432e-06|
|pn|00005|192|6.3869e-05|-2.0627e-04|2.1682e-04|1.0529e-05|4.3608e-06|-5.7294e-06|
|pn|00005|194|6.3862e-05|-2.0727e-04|2.1682e-04|1.1152e-05|4.0512e-06|-6.0048e-06|
|pn|00005|196|6.3858e-05|-2.0832e-04|2.1681e-04|1.1727e-05|3.7316e-06|-6.2704e-06|
|pn|00005|198|6.3854e-05|-2.0941e-04|2.1681e-04|1.2254e-05|3.4003e-06|-6.5271e-06|
|pn|00005|200|6.3851e-05|-2.1056e-04|2.1681e-04|1.2731e-05|3.0556e-06|-6.7753e-06|
|pn|00005|202|6.3849e-05|-2.1176e-04|2.1682e-04|1.3155e-05|2.6954e-06|-7.0152e-06|
|pn|00005|204|6.3848e-05|-2.1300e-04|2.1682e-04|1.3525e-05|2.3176e-06|-7.2468e-06|
|pn|00005|206|6.3848e-05|-2.1431e-04|2.1683e-04|1.3837e-05|1.9197e-06|-7.4696e-06|
|pn|00005|208|6.3848e-05|-2.1566e-04|2.1684e-04|1.4089e-05|1.4989e-06|-7.6826e-06|
|pn|00005|210|6.3848e-05|-2.1707e-04|2.1686e-04|1.4276e-05|1.0525e-06|-7.8843e-06|
|pn|00005|212|6.3848e-05|-2.1852e-04|2.1688e-04|1.4395e-05|5.7732e-07|-8.0728e-06|
|pn|00005|214|6.3848e-05|-2.2004e-04|2.1690e-04|1.4441e-05|7.0073e-08|-8.2452e-06|
|pn|00005|216|6.3847e-05|-2.2160e-04|2.1693e-04|1.4409e-05|-4.7261e-07|-8.3980e-06|
|pn|00005|218|6.3845e-05|-2.2322e-04|2.1696e-04|1.4295e-05|-1.0541e-06|-8.5266e-06|
|pn|00005|220|6.3842e-05|-2.2488e-04|2.1699e-04|1.4091e-05|-1.6778e-06|-8.6253e-06|
|pn|00005|222|6.3837e-05|-2.2659e-04|2.1703e-04|1.3791e-05|-2.3468e-06|-8.6870e-06|
|pn|00005|224|6.3830e-05|-2.2834e-04|2.1707e-04|1.3389e-05|-3.0635e-06|-8.7031e-06|
|pn|00005|226|6.3820e-05|-2.3011e-04|2.1711e-04|1.2877e-05|-3.8296e-06|-8.6633e-06|
|pn|00005|228|6.3807e-05|-2.3191e-04|2.1715e-04|1.2248e-05|-4.6453e-06|-8.5555e-06|
|pn|00005|230|6.3791e-05|-2.3371e-04|2.1720e-04|1.1493e-05|-5.5088e-06|-8.3653e-06|
|pn|00005|232|6.3771e-05|-2.3549e-04|2.1724e-04|1.0608e-05|-6.4155e-06|-8.0769e-06|
|pn|00005|234|6.3748e-05|-2.3723e-04|2.1729e-04|9.5845e-06|-7.3567e-06|-7.6725e-06|
|pn|00005|236|6.3720e-05|-2.3890e-04|2.1733e-04|8.4195e-06|-8.3189e-06|-7.1336e-06|
|pn|00005|238|6.3688e-05|-2.4045e-04|2.1736e-04|7.1110e-06|-9.2824e-06|-6.4414e-06|
|pn|00005|240|6.3653e-05|-2.4185e-04|2.1739e-04|5.6605e-06|-1.0220e-05|-5.5792e-06|
|pn|00005|242|6.3616e-05|-2.4303e-04|2.1741e-04|4.0745e-06|-1.1096e-05|-4.5342e-06|
|pn|00005|244|6.3577e-05|-2.4395e-04|2.1742e-04|2.3653e-06|-1.1867e-05|-3.3004e-06|
|pn|00005|246|6.3539e-05|-2.4454e-04|2.1742e-04|5.5232e-07|-1.2483e-05|-1.8826e-06|
|pn|00005|248|6.3502e-05|-2.4473e-04|2.1740e-04|-1.3371e-06|-1.2888e-05|-2.9927e-07|
|pn|00005|250|6.3470e-05|-2.4449e-04|2.1738e-04|-3.2674e-06|-1.3028e-05|1.4144e-06|
|pn|00005|252|6.3444e-05|-2.4375e-04|2.1734e-04|-5.1953e-06|-1.2856e-05|3.2055e-06|
|pn|00005|254|6.3426e-05|-2.4250e-04|2.1731e-04|-7.0715e-06|-1.2340e-05|5.0052e-06|
|pn|00005|256|6.3415e-05|-2.4076e-04|2.1727e-04|-8.8438e-06|-1.1470e-05|6.7335e-06|
|pn|00005|258|6.3413e-05|-2.3854e-04|2.1723e-04|-1.0460e-05|-1.0263e-05|8.3067e-06|
|pn|00005|260|6.3418e-05|-2.3591e-04|2.1720e-04|-1.1874e-05|-8.7639e-06|9.6481e-06|
|pn|00005|262|6.3429e-05|-2.3297e-04|2.1718e-04|-1.3048e-05|-7.0432e-06|1.0696e-05|
|pn|00005|264|6.3442e-05|-2.2980e-04|2.1718e-04|-1.3953e-05|-5.1858e-06|1.1414e-05|
|pn|00005|266|6.3456e-05|-2.2652e-04|2.1719e-04|-1.4579e-05|-3.2823e-06|1.1788e-05|
|pn|00005|268|6.3469e-05|-2.2324e-04|2.1721e-04|-1.4924e-05|-1.4176e-06|1.1833e-05|
|pn|00005|270|6.3478e-05|-2.2004e-04|2.1725e-04|-1.4999e-05|3.3741e-07|1.1583e-05|
|pn|00005|272|6.3483e-05|-2.1701e-04|2.1729e-04|-1.4826e-05|1.9306e-06|1.1084e-05|
|pn|00005|274|6.3483e-05|-2.1419e-04|2.1733e-04|-1.4431e-05|3.3296e-06|1.0389e-05|
|pn|00005|276|6.3477e-05|-2.1164e-04|2.1738e-04|-1.3843e-05|4.5202e-06|9.5537e-06|
|pn|00005|278|6.3466e-05|-2.0935e-04|2.1743e-04|-1.3095e-05|5.5029e-06|8.6255e-06|
|pn|00005|280|6.3450e-05|-2.0735e-04|2.1748e-04|-1.2216e-05|6.2888e-06|7.6468e-06|
|pn|00005|282|6.3431e-05|-2.0563e-04|2.1753e-04|-1.1234e-05|6.8952e-06|6.6517e-06|
|pn|00005|284|6.3408e-05|-2.0417e-04|2.1757e-04|-1.0174e-05|7.3433e-06|5.6659e-06|
|pn|00005|286|6.3383e-05|-2.0296e-04|2.1760e-04|-9.0584e-06|7.6549e-06|4.7082e-06|
|pn|00005|288|6.3357e-05|-2.0198e-04|2.1763e-04|-7.9049e-06|7.8513e-06|3.7912e-06|
|pn|00005|290|6.3329e-05|-2.0121e-04|2.1766e-04|-6.7296e-06|7.9519e-06|2.9226e-06|
|pn|00005|292|6.3300e-05|-2.0064e-04|2.1768e-04|-5.5454e-06|7.9741e-06|2.1063e-06|
|pn|00005|294|6.3272e-05|-2.0023e-04|2.1770e-04|-4.3627e-06|7.9329e-06|1.3434e-06|
|pn|00005|296|6.3244e-05|-1.9998e-04|2.1771e-04|-3.1902e-06|7.8407e-06|6.3321e-07|
|pn|00005|298|6.3217e-05|-1.9987e-04|2.1771e-04|-2.0345e-06|7.7082e-06|-2.6466e-08|
|pn|00005|300|6.3190e-05|-1.9988e-04|2.1772e-04|-9.0097e-07|7.5438e-06|-6.3855e-07|
|pn|00005|302|6.3165e-05|-2.0000e-04|2.1772e-04|2.0607e-07|7.3545e-06|-1.2064e-06|
|pn|00005|304|6.3141e-05|-2.0023e-04|2.1772e-04|1.2833e-06|7.1457e-06|-1.7338e-06|
|pn|00005|306|6.3119e-05|-2.0055e-04|2.1771e-04|2.3282e-06|6.9217e-06|-2.2242e-06|
|pn|00005|308|6.3098e-05|-2.0095e-04|2.1771e-04|3.3387e-06|6.6857e-06|-2.6813e-06|
|pn|00005|310|6.3079e-05|-2.0143e-04|2.1770e-04|4.3132e-06|6.4401e-06|-3.1085e-06|
|pn|00005|312|6.3061e-05|-2.0198e-04|2.1769e-04|5.2503e-06|6.1866e-06|-3.5090e-06|
|pn|00005|314|6.3045e-05|-2.0260e-04|2.1768e-04|6.1490e-06|5.9263e-06|-3.8857e-06|
|pn|00005|316|6.3031e-05|-2.0328e-04|2.1767e-04|7.0083e-06|5.6599e-06|-4.2413e-06|
|pn|00005|318|6.3018e-05|-2.0401e-04|2.1766e-04|7.8274e-06|5.3876e-06|-4.5783e-06|
|pn|00005|320|6.3007e-05|-2.0481e-04|2.1765e-04|8.6053e-06|5.1093e-06|-4.8988e-06|
|pn|00005|322|6.2997e-05|-2.0566e-04|2.1764e-04|9.3411e-06|4.8245e-06|-5.2049e-06|
|pn|00005|324|6.2989e-05|-2.0656e-04|2.1764e-04|1.0034e-05|4.5324e-06|-5.4982e-06|
|pn|00005|326|6.2982e-05|-2.0752e-04|2.1763e-04|1.0683e-05|4.2322e-06|-5.7801e-06|
|pn|00005|328|6.2977e-05|-2.0852e-04|2.1763e-04|1.1286e-05|3.9225e-06|-6.0519e-06|
|pn|00005|330|6.2973e-05|-2.0958e-04|2.1762e-04|1.1842e-05|3.6020e-06|-6.3145e-06|
|pn|00005|332|6.2969e-05|-2.1068e-04|2.1762e-04|1.2350e-05|3.2690e-06|-6.5686e-06|
|pn|00005|334|6.2967e-05|-2.1184e-04|2.1763e-04|1.2807e-05|2.9216e-06|-6.8146e-06|
|pn|00005|336|6.2966e-05|-2.1305e-04|2.1763e-04|1.3211e-05|2.5577e-06|-7.0525e-06|
|pn|00005|338|6.2965e-05|-2.1431e-04|2.1764e-04|1.3560e-05|2.1749e-06|-7.2822e-06|
|pn|00005|340|6.2965e-05|-2.1563e-04|2.1765e-04|1.3850e-05|1.7708e-06|-7.5029e-06|
|pn|00005|342|6.2965e-05|-2.1699e-04|2.1766e-04|1.4079e-05|1.3425e-06|-7.7134e-06|
|pn|00005|344|6.2965e-05|-2.1842e-04|2.1768e-04|1.4242e-05|8.8710e-07|-7.9121e-06|
|pn|00005|346|6.2965e-05|-2.1989e-04|2.1770e-04|1.4336e-05|4.0131e-07|-8.0967e-06|
|pn|00005|348|6.2965e-05|-2.2142e-04|2.1773e-04|1.4355e-05|-1.1818e-07|-8.2640e-06|
|pn|00005|350|6.2963e-05|-2.2300e-04|2.1775e-04|1.4295e-05|-6.7479e-07|-8.4101e-06|
|pn|00005|352|6.2961e-05|-2.2463e-04|2.1779e-04|1.4149e-05|-1.2720e-06|-8.5300e-06|
|pn|00005|354|6.2956e-05|-2.2631e-04|2.1782e-04|1.3912e-05|-1.9130e-06|-8.6172e-06|
|pn|00005|356|6.2950e-05|-2.2803e-04|2.1786e-04|1.3576e-05|-2.6007e-06|-8.6642e-06|
|pn|00005|358|6.2942e-05|-2.2979e-04|2.1790e-04|1.3135e-05|-3.3374e-06|-8.6615e-06|
|pn|00005|360|6.2930e-05|-2.3157e-04|2.1794e-04|1.2581e-05|-4.1242e-06|-8.5981e-06|
|pn|00005|362|6.2915e-05|-2.3337e-04|2.1799e-04|1.1906e-05|-4.9604e-06|-8.4607e-06|
|pn|00005|364|6.2897e-05|-2.3516e-04|2.1803e-04|1.1104e-05|-5.8433e-06|-8.2345e-06|
|pn|00005|366|6.2875e-05|-2.3693e-04|2.1808e-04|1.0167e-05|-6.7665e-06|-7.9024e-06|
|pn|00005|368|6.2849e-05|-2.3864e-04|2.1812e-04|9.0906e-06|-7.7195e-06|-7.4464e-06|
|pn|00005|370|6.2819e-05|-2.4027e-04|2.1816e-04|7.8712e-06|-8.6860e-06|-6.8475e-06|
|pn|00005|372|6.2785e-05|-2.4176e-04|2.1819e-04|6.5083e-06|-9.6431e-06|-6.0875e-06|
|pn|00005|374|6.2749e-05|-2.4308e-04|2.1821e-04|5.0054e-06|-1.0560e-05|-5.1512e-06|
|pn|00005|376|6.2711e-05|-2.4416e-04|2.1823e-04|3.3715e-06|-1.1397e-05|-4.0283e-06|
|pn|00005|378|6.2672e-05|-2.4495e-04|2.1823e-04|1.6216e-06|-1.2108e-05|-2.7172e-06|
|pn|00005|380|6.2634e-05|-2.4537e-04|2.1822e-04|-2.2121e-07|-1.2640e-05|-1.2284e-06|
|pn|00005|382|6.2600e-05|-2.4539e-04|2.1820e-04|-2.1260e-06|-1.2936e-05|4.1241e-07|
|pn|00005|384|6.2571e-05|-2.4494e-04|2.1817e-04|-4.0537e-06|-1.2946e-05|2.1620e-06|
|pn|00005|386|6.2549e-05|-2.4399e-04|2.1813e-04|-5.9582e-06|-1.2627e-05|3.9600e-06|
|pn|00005|388|6.2534e-05|-2.4253e-04|2.1809e-04|-7.7886e-06|-1.1958e-05|5.7319e-06|
|pn|00005|390|6.2528e-05|-2.4059e-04|2.1805e-04|-9.4925e-06|-1.0940e-05|7.3951e-06|
|pn|00005|392|6.2530e-05|-2.3820e-04|2.1802e-04|-1.1020e-05|-9.6043e-06|8.8683e-06|
|pn|00005|394|6.2538e-05|-2.3544e-04|2.1800e-04|-1.2328e-05|-8.0071e-06|1.0081e-05|
|pn|00005|396|6.2551e-05|-2.3240e-04|2.1799e-04|-1.3384e-05|-6.2264e-06|1.0982e-05|
|pn|00005|398|6.2565e-05|-2.2920e-04|2.1799e-04|-1.4166e-05|-4.3508e-06|1.1546e-05|
|pn|00005|400|6.2579e-05|-2.2593e-04|2.1801e-04|-1.4669e-05|-2.4689e-06|1.1773e-05|
|pn|00005|402|6.2590e-05|-2.2270e-04|2.1804e-04|-1.4897e-05|-6.5936e-07|1.1685e-05|
|pn|00005|404|6.2597e-05|-2.1959e-04|2.1807e-04|-1.4865e-05|1.0157e-06|1.1324e-05|
|pn|00005|406|6.2599e-05|-2.1667e-04|2.1812e-04|-1.4599e-05|2.5135e-06|1.0740e-05|
|pn|00005|408|6.2596e-05|-2.1399e-04|2.1817e-04|-1.4125e-05|3.8108e-06|9.9864e-06|
|pn|00005|410|6.2587e-05|-2.1156e-04|2.1822e-04|-1.3474e-05|4.9007e-06|9.1147e-06|
|pn|00005|412|6.2573e-05|-2.0942e-04|2.1827e-04|-1.2676e-05|5.7887e-06|8.1706e-06|
|pn|00005|414|6.2556e-05|-2.0755e-04|2.1831e-04|-1.1761e-05|6.4892e-06|7.1922e-06|
|pn|00005|416|6.2534e-05|-2.0595e-04|2.1836e-04|-1.0755e-05|7.0213e-06|6.2094e-06|
|pn|00005|418|6.2510e-05|-2.0461e-04|2.1839e-04|-9.6817e-06|7.4066e-06|5.2445e-06|
|pn|00005|420|6.2484e-05|-2.0351e-04|2.1843e-04|-8.5603e-06|7.6664e-06|4.3133e-06|
|la|00005|0|6.5158e-05|-2.2427e-04|2.1542e-04|-3.3810e-05|-3.0263e-06|1.2495e-04|
|la|00005|2|6.5174e-05|-2.2092e-04|2.1542e-04|-3.3359e-05|-5.8317e-06|1.1754e-04|
|la|00005|4|6.5195e-05|-2.1768e-04|2.1544e-04|-3.2069e-05|-7.6435e-06|1.0766e-04|
|la|00005|6|6.5215e-05|-2.1462e-04|2.1548e-04|-3.0239e-05|-8.2788e-06|9.6108e-05|
|la|00005|8|6.5229e-05|-2.1180e-04|2.1555e-04|-2.8182e-05|-7.7601e-06|8.3688e-05|
|la|00005|10|6.5233e-05|-2.0926e-04|2.1562e-04|-2.6173e-05|-6.2710e-06|7.1093e-05|
|la|00005|12|6.5226e-05|-2.0701e-04|2.1570e-04|-2.4422e-05|-4.0938e-06|5.8863e-05|
|la|00005|14|6.5208e-05|-2.0505e-04|2.1577e-04|-2.3058e-05|-1.5468e-06|4.7362e-05|
|la|00005|16|6.5180e-05|-2.0337e-04|2.1585e-04|-2.2135e-05|1.0660e-06|3.6792e-05|
|la|00005|18|6.5145e-05|-2.0195e-04|2.1591e-04|-2.1635e-05|3.4881e-06|2.7221e-05|
|la|00005|20|6.5105e-05|-2.0078e-04|2.1596e-04|-2.1496e-05|5.5283e-06|1.8622e-05|
|la|00005|22|6.5065e-05|-1.9984e-04|2.1599e-04|-2.1620e-05|7.0637e-06|1.0901e-05|
|la|00005|24|6.5025e-05|-1.9910e-04|2.1602e-04|-2.1894e-05|8.0352e-06|3.9344e-06|
|la|00005|26|6.4989e-05|-1.9855e-04|2.1603e-04|-2.2203e-05|8.4368e-06|-2.4126e-06|
|la|00005|28|6.4956e-05|-1.9817e-04|2.1604e-04|-2.2440e-05|8.3040e-06|-8.2697e-06|
|la|00005|30|6.4928e-05|-1.9795e-04|2.1604e-04|-2.2511e-05|7.7017e-06|-1.3751e-05|
|la|00005|32|6.4905e-05|-1.9786e-04|2.1604e-04|-2.2342e-05|6.7129e-06|-1.8950e-05|
|la|00005|34|6.4885e-05|-1.9790e-04|2.1603e-04|-2.1879e-05|5.4304e-06|-2.3938e-05|
|la|00005|36|6.4869e-05|-1.9806e-04|2.1603e-04|-2.1088e-05|3.9491e-06|-2.8764e-05|
|la|00005|38|6.4856e-05|-1.9833e-04|2.1603e-04|-1.9955e-05|2.3611e-06|-3.3456e-05|
|la|00005|40|6.4845e-05|-1.9868e-04|2.1603e-04|-1.8484e-05|7.5179e-07|-3.8024e-05|
|la|00005|42|6.4835e-05|-1.9913e-04|2.1603e-04|-1.6696e-05|-8.0262e-07|-4.2462e-05|
|la|00005|44|6.4825e-05|-1.9966e-04|2.1604e-04|-1.4622e-05|-2.2367e-06|-4.6753e-05|
|la|00005|46|6.4816e-05|-2.0026e-04|2.1605e-04|-1.2308e-05|-3.4966e-06|-5.0869e-05|
|la|00005|48|6.4805e-05|-2.0092e-04|2.1605e-04|-9.8045e-06|-4.5402e-06|-5.4772e-05|
|la|00005|50|6.4794e-05|-2.0165e-04|2.1606e-04|-7.1713e-06|-5.3369e-06|-5.8422e-05|
|la|00005|52|6.4782e-05|-2.0244e-04|2.1607e-04|-4.4704e-06|-5.8678e-06|-6.1774e-05|
|la|00005|54|6.4769e-05|-2.0329e-04|2.1608e-04|-1.7661e-06|-6.1246e-06|-6.4780e-05|
|la|00005|56|6.4756e-05|-2.0418e-04|2.1608e-04|8.7737e-07|-6.1092e-06|-6.7392e-05|
|la|00005|58|6.4742e-05|-2.0512e-04|2.1609e-04|3.3976e-06|-5.8334e-06|-6.9562e-05|
|la|00005|60|6.4728e-05|-2.0612e-04|2.1609e-04|5.7355e-06|-5.3178e-06|-7.1245e-05|
|la|00005|62|6.4714e-05|-2.0716e-04|2.1609e-04|7.8370e-06|-4.5914e-06|-7.2399e-05|
|la|00005|64|6.4702e-05|-2.0824e-04|2.1609e-04|9.6542e-06|-3.6907e-06|-7.2983e-05|
|la|00005|66|6.4691e-05|-2.0938e-04|2.1609e-04|1.1147e-05|-2.6592e-06|-7.2965e-05|
|la|00005|68|6.4681e-05|-2.1055e-04|2.1609e-04|1.2284e-05|-1.5463e-06|-7.2316e-05|
|la|00005|70|6.4675e-05|-2.1178e-04|2.1609e-04|1.3043e-05|-4.0658e-07|-7.1015e-05|
|la|00005|72|6.4671e-05|-2.1306e-04|2.1608e-04|1.3415e-05|7.0154e-07|-6.9049e-05|
|la|00005|74|6.4669e-05|-2.1438e-04|2.1608e-04|1.3401e-05|1.7169e-06|-6.6414e-05|
|la|00005|76|6.4671e-05|-2.1576e-04|2.1608e-04|1.3014e-05|2.5774e-06|-6.3117e-05|
|la|00005|78|6.4675e-05|-2.1719e-04|2.1609e-04|1.2281e-05|3.2219e-06|-5.9175e-05|
|la|00005|80|6.4681e-05|-2.1868e-04|2.1610e-04|1.1242e-05|3.5928e-06|-5.4619e-05|
|la|00005|82|6.4689e-05|-2.2022e-04|2.1612e-04|9.9477e-06|3.6389e-06|-4.9490e-05|
|la|00005|84|6.4696e-05|-2.2181e-04|2.1614e-04|8.4630e-06|3.3190e-06|-4.3845e-05|
|la|00005|86|6.4704e-05|-2.2346e-04|2.1617e-04|6.8608e-06|2.6061e-06|-3.7753e-05|
|la|00005|88|6.4708e-05|-2.2516e-04|2.1621e-04|5.2217e-06|1.4918e-06|-3.1292e-05|
|la|00005|90|6.4710e-05|-2.2690e-04|2.1626e-04|3.6299e-06|-8.1086e-09|-2.4553e-05|
|la|00005|92|6.4706e-05|-2.2868e-04|2.1631e-04|2.1682e-06|-1.8492e-06|-1.7627e-05|
|la|00005|94|6.4695e-05|-2.3048e-04|2.1637e-04|9.1174e-07|-3.9531e-06|-1.0609e-05|
|la|00005|96|6.4677e-05|-2.3229e-04|2.1642e-04|-7.9397e-08|-6.2048e-06|-3.5797e-06|
|la|00005|98|6.4651e-05|-2.3409e-04|2.1648e-04|-7.6877e-07|-8.4515e-06|3.3968e-06|
|la|00005|100|6.4617e-05|-2.3586e-04|2.1653e-04|-1.1525e-06|-1.0506e-05|1.0289e-05|
|la|00005|102|6.4576e-05|-2.3756e-04|2.1656e-04|-1.2676e-06|-1.2156e-05|1.7111e-05|
|la|00005|104|6.4531e-05|-2.3915e-04|2.1659e-04|-1.1980e-06|-1.3181e-05|2.3929e-05|
|la|00005|106|6.4484e-05|-2.4060e-04|2.1660e-04|-1.0763e-06|-1.3379e-05|3.0871e-05|
|la|00005|108|6.4439e-05|-2.4186e-04|2.1659e-04|-1.0792e-06|-1.2597e-05|3.8119e-05|
|la|00005|110|6.4399e-05|-2.4286e-04|2.1657e-04|-1.4127e-06|-1.0775e-05|4.5891e-05|
|la|00005|112|6.4367e-05|-2.4356e-04|2.1653e-04|-2.2877e-06|-7.9807e-06|5.4402e-05|
|la|00005|114|6.4343e-05|-2.4391e-04|2.1650e-04|-3.8855e-06|-4.4381e-06|6.3802e-05|
|la|00005|116|6.4328e-05|-2.4383e-04|2.1646e-04|-6.3172e-06|-5.2732e-07|7.4108e-05|
|la|00005|118|6.4318e-05|-2.4330e-04|2.1642e-04|-9.5856e-06|3.2494e-06|8.5134e-05|
|la|00005|120|6.4310e-05|-2.4228e-04|2.1639e-04|-1.3560e-05|6.3427e-06|9.6443e-05|
|la|00005|122|6.4302e-05|-2.4076e-04|2.1637e-04|-1.7973e-05|8.2632e-06|1.0735e-04|
|la|00005|124|6.4292e-05|-2.3874e-04|2.1634e-04|-2.2455e-05|8.6944e-06|1.1700e-04|
|la|00005|126|6.4280e-05|-2.3627e-04|2.1632e-04|-2.6587e-05|7.5788e-06|1.2449e-04|
|la|00005|128|6.4271e-05|-2.3343e-04|2.1630e-04|-2.9978e-05|5.1452e-06|1.2903e-04|
|la|00005|130|6.4268e-05|-2.3031e-04|2.1627e-04|-3.2339e-05|1.8623e-06|1.3009e-04|
|la|00005|132|6.4274e-05|-2.2702e-04|2.1625e-04|-3.3535e-05|-1.6678e-06|1.2755e-04|
|la|00005|134|6.4288e-05|-2.2367e-04|2.1625e-04|-3.3593e-05|-4.8427e-06|1.2162e-04|
|la|00005|136|6.4307e-05|-2.2038e-04|2.1626e-04|-3.2689e-05|-7.1800e-06|1.1288e-04|
|la|00005|138|6.4328e-05|-2.1723e-04|2.1629e-04|-3.1095e-05|-8.3925e-06|1.0207e-04|
|la|00005|140|6.4346e-05|-2.1430e-04|2.1635e-04|-2.9126e-05|-8.4077e-06|8.9995e-05|
|la|00005|142|6.4355e-05|-2.1162e-04|2.1641e-04|-2.7080e-05|-7.3402e-06|7.7424e-05|
|la|00005|144|6.4353e-05|-2.0923e-04|2.1649e-04|-2.5201e-05|-5.4352e-06|6.4973e-05|
|la|00005|146|6.4340e-05|-2.0712e-04|2.1657e-04|-2.3658e-05|-3.0035e-06|5.3094e-05|
|la|00005|148|6.4316e-05|-2.0529e-04|2.1664e-04|-2.2539e-05|-3.6357e-07|4.2065e-05|
|la|00005|150|6.4283e-05|-2.0374e-04|2.1671e-04|-2.1859e-05|2.2003e-06|3.2015e-05|
|la|00005|152|6.4245e-05|-2.0244e-04|2.1676e-04|-2.1575e-05|4.4631e-06|2.2957e-05|
|la|00005|154|6.4205e-05|-2.0137e-04|2.1681e-04|-2.1601e-05|6.2684e-06|1.4826e-05|
|la|00005|156|6.4164e-05|-2.0051e-04|2.1684e-04|-2.1831e-05|7.5275e-06|7.5086e-06|
|la|00005|158|6.4126e-05|-1.9986e-04|2.1685e-04|-2.2148e-05|8.2107e-06|8.7271e-07|
|la|00005|160|6.4091e-05|-1.9938e-04|2.1686e-04|-2.2439e-05|8.3358e-06|-5.2156e-06|
|la|00005|162|6.4061e-05|-1.9906e-04|2.1687e-04|-2.2605e-05|7.9557e-06|-1.0879e-05|
|la|00005|164|6.4036e-05|-1.9889e-04|2.1687e-04|-2.2561e-05|7.1467e-06|-1.6220e-05|
|la|00005|166|6.4015e-05|-1.9885e-04|2.1686e-04|-2.2244e-05|5.9987e-06|-2.1322e-05|
|la|00005|168|6.3997e-05|-1.9894e-04|2.1686e-04|-2.1609e-05|4.6069e-06|-2.6242e-05|
|la|00005|170|6.3983e-05|-1.9913e-04|2.1686e-04|-2.0636e-05|3.0660e-06|-3.1019e-05|
|la|00005|172|6.3971e-05|-1.9943e-04|2.1686e-04|-1.9320e-05|1.4652e-06|-3.5670e-05|
|la|00005|174|6.3960e-05|-1.9981e-04|2.1686e-04|-1.7673e-05|-1.1441e-07|-4.0195e-05|
|la|00005|176|6.3951e-05|-2.0028e-04|2.1686e-04|-1.5724e-05|-1.6021e-06|-4.4583e-05|
|la|00005|178|6.3941e-05|-2.0083e-04|2.1687e-04|-1.3512e-05|-2.9385e-06|-4.8809e-05|
|la|00005|180|6.3931e-05|-2.0145e-04|2.1688e-04|-1.1087e-05|-4.0759e-06|-5.2840e-05|
|la|00005|182|6.3920e-05|-2.0213e-04|2.1688e-04|-8.5039e-06|-4.9786e-06|-5.6636e-05|
|la|00005|184|6.3908e-05|-2.0287e-04|2.1689e-04|-5.8244e-06|-5.6224e-06|-6.0154e-05|
|la|00005|186|6.3895e-05|-2.0367e-04|2.1690e-04|-3.1121e-06|-5.9943e-06|-6.3347e-05|
|la|00005|188|6.3882e-05|-2.0453e-04|2.1691e-04|-4.3174e-07|-6.0919e-06|-6.6168e-05|
|la|00005|190|6.3868e-05|-2.0543e-04|2.1691e-04|2.1532e-06|-5.9227e-06|-6.8567e-05|
|la|00005|192|6.3854e-05|-2.0638e-04|2.1691e-04|4.5821e-06|-5.5034e-06|-7.0499e-05|
|la|00005|194|6.3840e-05|-2.0738e-04|2.1692e-04|6.7983e-06|-4.8596e-06|-7.1919e-05|
|la|00005|196|6.3827e-05|-2.0843e-04|2.1692e-04|8.7511e-06|-4.0243e-06|-7.2788e-05|
|la|00005|198|6.3815e-05|-2.0952e-04|2.1692e-04|1.0397e-05|-3.0383e-06|-7.3068e-05|
|la|00005|200|6.3806e-05|-2.1067e-04|2.1691e-04|1.1700e-05|-1.9482e-06|-7.2730e-05|
|la|00005|202|6.3798e-05|-2.1186e-04|2.1691e-04|1.2636e-05|-8.0644e-07|-7.1749e-05|
|la|00005|204|6.3793e-05|-2.1309e-04|2.1691e-04|1.3188e-05|3.3027e-07|-7.0109e-05|
|la|00005|206|6.3790e-05|-2.1438e-04|2.1690e-04|1.3352e-05|1.4020e-06|-6.7801e-05|
|la|00005|208|6.3790e-05|-2.1572e-04|2.1691e-04|1.3137e-05|2.3469e-06|-6.4829e-05|
|la|00005|210|6.3793e-05|-2.1711e-04|2.1691e-04|1.2564e-05|3.1036e-06|-6.1203e-05|
|la|00005|212|6.3799e-05|-2.1856e-04|2.1692e-04|1.1666e-05|3.6128e-06|-5.6949e-05|
|la|00005|214|6.3806e-05|-2.2006e-04|2.1693e-04|1.0490e-05|3.8201e-06|-5.2104e-05|
|la|00005|216|6.3813e-05|-2.2162e-04|2.1695e-04|9.0945e-06|3.6797e-06|-4.6717e-05|
|la|00005|218|6.3821e-05|-2.2323e-04|2.1698e-04|7.5479e-06|3.1576e-06|-4.0850e-05|
|la|00005|220|6.3827e-05|-2.2490e-04|2.1702e-04|5.9280e-06|2.2365e-06|-3.4579e-05|
|la|00005|222|6.3830e-05|-2.2661e-04|2.1706e-04|4.3175e-06|9.2035e-07|-2.7987e-05|
|la|00005|224|6.3828e-05|-2.2836e-04|2.1711e-04|2.8003e-06|-7.6054e-07|-2.1166e-05|
|la|00005|226|6.3821e-05|-2.3015e-04|2.1716e-04|1.4554e-06|-2.7445e-06|-1.4209e-05|
|la|00005|228|6.3806e-05|-2.3196e-04|2.1722e-04|3.5063e-07|-4.9345e-06|-7.2033e-06|
|la|00005|230|6.3783e-05|-2.3377e-04|2.1728e-04|-4.6581e-07|-7.1963e-06|-2.2209e-07|
|la|00005|232|6.3753e-05|-2.3556e-04|2.1733e-04|-9.7398e-07|-9.3594e-06|6.6879e-06|
|la|00005|234|6.3715e-05|-2.3730e-04|2.1737e-04|-1.1909e-06|-1.1223e-05|1.3518e-05|
|la|00005|236|6.3671e-05|-2.3896e-04|2.1740e-04|-1.1779e-06|-1.2571e-05|2.0309e-05|
|la|00005|238|6.3625e-05|-2.4050e-04|2.1742e-04|-1.0446e-06|-1.3189e-05|2.7160e-05|
|la|00005|240|6.3578e-05|-2.4187e-04|2.1742e-04|-9.4770e-07|-1.2897e-05|3.4229e-05|
|la|00005|242|6.3536e-05|-2.4302e-04|2.1740e-04|-1.0813e-06|-1.1589e-05|4.1721e-05|
|la|00005|244|6.3500e-05|-2.4391e-04|2.1737e-04|-1.6575e-06|-9.2663e-06|4.9857e-05|
|la|00005|246|6.3472e-05|-2.4447e-04|2.1734e-04|-2.8765e-06|-6.0760e-06|5.8827e-05|
|la|00005|248|6.3453e-05|-2.4464e-04|2.1730e-04|-4.8882e-06|-2.3235e-06|6.8722e-05|
|la|00005|250|6.3441e-05|-2.4438e-04|2.1726e-04|-7.7523e-06|1.5427e-06|7.9462e-05|
|la|00005|252|6.3433e-05|-2.4365e-04|2.1723e-04|-1.1405e-05|4.9867e-06|9.0735e-05|
|la|00005|254|6.3425e-05|-2.4242e-04|2.1720e-04|-1.5644e-05|7.4783e-06|1.0198e-04|
|la|00005|256|6.3415e-05|-2.4068e-04|2.1718e-04|-2.0144e-05|8.6061e-06|1.1240e-04|
|la|00005|258|6.3404e-05|-2.3848e-04|2.1715e-04|-2.4500e-05|8.1817e-06|1.2109e-04|
|la|00005|260|6.3393e-05|-2.3585e-04|2.1713e-04|-2.8301e-05|6.2977e-06|1.2720e-04|
|la|00005|262|6.3387e-05|-2.3289e-04|2.1710e-04|-3.1197e-05|3.3184e-06|1.3004e-04|
|la|00005|264|6.3388e-05|-2.2971e-04|2.1708e-04|-3.2975e-05|-2.0130e-07|1.2930e-04|
|la|00005|266|6.3399e-05|-2.2640e-04|2.1707e-04|-3.3583e-05|-3.6409e-06|1.2500e-04|
|la|00005|268|6.3416e-05|-2.2309e-04|2.1707e-04|-3.3129e-05|-6.4461e-06|1.1758e-04|
|la|00005|270|6.3437e-05|-2.1988e-04|2.1709e-04|-3.1846e-05|-8.2286e-06|1.0770e-04|
|la|00005|272|6.3457e-05|-2.1685e-04|2.1714e-04|-3.0035e-05|-8.8133e-06|9.6166e-05|
|la|00005|274|6.3471e-05|-2.1405e-04|2.1720e-04|-2.8008e-05|-8.2317e-06|8.3768e-05|
|la|00005|276|6.3474e-05|-2.1151e-04|2.1727e-04|-2.6040e-05|-6.6759e-06|7.1206e-05|
|la|00005|278|6.3466e-05|-2.0926e-04|2.1735e-04|-2.4337e-05|-4.4355e-06|5.9017e-05|
|la|00005|280|6.3447e-05|-2.0728e-04|2.1743e-04|-2.3027e-05|-1.8340e-06|4.7561e-05|
|la|00005|282|6.3418e-05|-2.0559e-04|2.1750e-04|-2.2156e-05|8.2137e-07|3.7037e-05|
|la|00005|284|6.3382e-05|-2.0415e-04|2.1756e-04|-2.1708e-05|3.2735e-06|2.7508e-05|
|la|00005|286|6.3342e-05|-2.0295e-04|2.1761e-04|-2.1613e-05|5.3316e-06|1.8942e-05|
|la|00005|288|6.3301e-05|-2.0198e-04|2.1764e-04|-2.1774e-05|6.8749e-06|1.1246e-05|
|la|00005|290|6.3261e-05|-2.0121e-04|2.1766e-04|-2.2076e-05|7.8466e-06|4.2932e-06|
|la|00005|292|6.3225e-05|-2.0063e-04|2.1768e-04|-2.2402e-05|8.2439e-06|-2.0515e-06|
|la|00005|294|6.3192e-05|-2.0022e-04|2.1768e-04|-2.2646e-05|8.1049e-06|-7.9174e-06|
|la|00005|296|6.3164e-05|-1.9996e-04|2.1768e-04|-2.2715e-05|7.4970e-06|-1.3418e-05|
|la|00005|298|6.3141e-05|-1.9984e-04|2.1768e-04|-2.2536e-05|6.5053e-06|-1.8644e-05|
|la|00005|300|6.3122e-05|-1.9985e-04|2.1768e-04|-2.2056e-05|5.2243e-06|-2.3666e-05|
|la|00005|302|6.3107e-05|-1.9997e-04|2.1768e-04|-2.1243e-05|3.7499e-06|-2.8530e-05|
|la|00005|304|6.3094e-05|-2.0020e-04|2.1767e-04|-2.0084e-05|2.1750e-06|-3.3263e-05|
|la|00005|306|6.3083e-05|-2.0052e-04|2.1767e-04|-1.8587e-05|5.8493e-07|-3.7873e-05|
|la|00005|308|6.3073e-05|-2.0093e-04|2.1768e-04|-1.6772e-05|-9.4415e-07|-4.2353e-05|
|la|00005|310|6.3063e-05|-2.0143e-04|2.1768e-04|-1.4674e-05|-2.3473e-06|-4.6683e-05|
|la|00005|312|6.3053e-05|-2.0199e-04|2.1769e-04|-1.2338e-05|-3.5715e-06|-5.0833e-05|
|la|00005|314|6.3042e-05|-2.0263e-04|2.1769e-04|-9.8185e-06|-4.5754e-06|-5.4768e-05|
|la|00005|316|6.3031e-05|-2.0332e-04|2.1770e-04|-7.1737e-06|-5.3297e-06|-5.8443e-05|
|la|00005|318|6.3018e-05|-2.0408e-04|2.1771e-04|-4.4669e-06|-5.8165e-06|-6.1814e-05|
|la|00005|320|6.3005e-05|-2.0489e-04|2.1772e-04|-1.7628e-06|-6.0286e-06|-6.4834e-05|
|la|00005|322|6.2991e-05|-2.0575e-04|2.1772e-04|8.7434e-07|-5.9692e-06|-6.7453e-05|
|la|00005|324|6.2977e-05|-2.0666e-04|2.1773e-04|3.3824e-06|-5.6513e-06|-6.9625e-05|
|la|00005|326|6.2963e-05|-2.0763e-04|2.1773e-04|5.7027e-06|-5.0965e-06|-7.1305e-05|
|la|00005|328|6.2950e-05|-2.0863e-04|2.1773e-04|7.7819e-06|-4.3346e-06|-7.2450e-05|
|la|00005|330|6.2937e-05|-2.0969e-04|2.1773e-04|9.5731e-06|-3.4032e-06|-7.3023e-05|
|la|00005|332|6.2927e-05|-2.1079e-04|2.1773e-04|1.1037e-05|-2.3463e-06|-7.2990e-05|
|la|00005|334|6.2918e-05|-2.1194e-04|2.1772e-04|1.2144e-05|-1.2139e-06|-7.2325e-05|
|la|00005|336|6.2912e-05|-2.1314e-04|2.1772e-04|1.2874e-05|-6.0673e-08|-7.1008e-05|
|la|00005|338|6.2908e-05|-2.1439e-04|2.1772e-04|1.3218e-05|1.0547e-06|-6.9027e-05|
|la|00005|340|6.2907e-05|-2.1569e-04|2.1772e-04|1.3178e-05|2.0714e-06|-6.6379e-05|
|la|00005|342|6.2909e-05|-2.1705e-04|2.1772e-04|1.2770e-05|2.9277e-06|-6.3074e-05|
|la|00005|344|6.2913e-05|-2.1845e-04|2.1772e-04|1.2022e-05|3.5632e-06|-5.9129e-05|
|la|00005|346|6.2920e-05|-2.1992e-04|2.1774e-04|1.0975e-05|3.9214e-06|-5.4575e-05|
|la|00005|348|6.2927e-05|-2.2144e-04|2.1775e-04|9.6812e-06|3.9523e-06|-4.9457e-05|
|la|00005|350|6.2935e-05|-2.2301e-04|2.1778e-04|8.2053e-06|3.6163e-06|-4.3831e-05|
|la|00005|352|6.2942e-05|-2.2464e-04|2.1781e-04|6.6210e-06|2.8880e-06|-3.7766e-05|
|la|00005|354|6.2946e-05|-2.2632e-04|2.1785e-04|5.0088e-06|1.7610e-06|-3.1341e-05|
|la|00005|356|6.2946e-05|-2.2805e-04|2.1790e-04|3.4524e-06|2.5269e-07|-2.4644e-05|
|la|00005|358|6.2942e-05|-2.2982e-04|2.1795e-04|2.0334e-06|-1.5906e-06|-1.7769e-05|
|la|00005|360|6.2930e-05|-2.3161e-04|2.1800e-04|8.2543e-07|-3.6893e-06|-1.0804e-05|
|la|00005|362|6.2911e-05|-2.3342e-04|2.1806e-04|-1.1349e-07|-5.9276e-06|-3.8307e-06|
|la|00005|364|6.2884e-05|-2.3522e-04|2.1811e-04|-7.4942e-07|-8.1525e-06|3.0916e-06|
|la|00005|366|6.2849e-05|-2.3700e-04|2.1816e-04|-1.0812e-06|-1.0178e-05|9.9355e-06|
|la|00005|368|6.2808e-05|-2.3871e-04|2.1820e-04|-1.1487e-06|-1.1794e-05|1.6718e-05|
|la|00005|370|6.2762e-05|-2.4032e-04|2.1822e-04|-1.0385e-06|-1.2785e-05|2.3510e-05|
|la|00005|372|6.2715e-05|-2.4180e-04|2.1823e-04|-8.8541e-07|-1.2952e-05|3.0442e-05|
|la|00005|374|6.2670e-05|-2.4308e-04|2.1822e-04|-8.6722e-07|-1.2149e-05|3.7700e-05|
|la|00005|376|6.2631e-05|-2.4413e-04|2.1820e-04|-1.1903e-06|-1.0323e-05|4.5501e-05|
|la|00005|378|6.2599e-05|-2.4488e-04|2.1816e-04|-2.0646e-06|-7.5478e-06|5.4057e-05|
|la|00005|380|6.2576e-05|-2.4529e-04|2.1812e-04|-3.6693e-06|-4.0519e-06|6.3517e-05|
|la|00005|382|6.2561e-05|-2.4529e-04|2.1809e-04|-6.1125e-06|-2.1749e-07|7.3892e-05|
|la|00005|384|6.2552e-05|-2.4483e-04|2.1805e-04|-9.3934e-06|3.4544e-06|8.4989e-05|
|la|00005|386|6.2544e-05|-2.4389e-04|2.1802e-04|-1.3378e-05|6.4197e-06|9.6365e-05|
|la|00005|388|6.2535e-05|-2.4245e-04|2.1800e-04|-1.7796e-05|8.1976e-06|1.0733e-04|
|la|00005|390|6.2524e-05|-2.4052e-04|2.1797e-04|-2.2277e-05|8.4831e-06|1.1703e-04|
|la|00005|392|6.2513e-05|-2.3814e-04|2.1795e-04|-2.6400e-05|7.2310e-06|1.2454e-04|
|la|00005|394|6.2504e-05|-2.3538e-04|2.1792e-04|-2.9778e-05|4.6815e-06|1.2909e-04|
|la|00005|396|6.2502e-05|-2.3232e-04|2.1790e-04|-3.2125e-05|1.3122e-06|1.3015e-04|
|la|00005|398|6.2508e-05|-2.2909e-04|2.1788e-04|-3.3308e-05|-2.2694e-06|1.2760e-04|
|la|00005|400|6.2522e-05|-2.2580e-04|2.1788e-04|-3.3358e-05|-5.4605e-06|1.2167e-04|
|la|00005|402|6.2543e-05|-2.2255e-04|2.1789e-04|-3.2456e-05|-7.7819e-06|1.1292e-04|
|la|00005|404|6.2564e-05|-2.1943e-04|2.1792e-04|-3.0876e-05|-8.9531e-06|1.0211e-04|
|la|00005|406|6.2581e-05|-2.1652e-04|2.1798e-04|-2.8932e-05|-8.9103e-06|9.0058e-05|
|la|00005|408|6.2590e-05|-2.1385e-04|2.1805e-04|-2.6922e-05|-7.7770e-06|7.7515e-05|
|la|00005|410|6.2587e-05|-2.1146e-04|2.1812e-04|-2.5088e-05|-5.8064e-06|6.5102e-05|
|la|00005|412|6.2572e-05|-2.0934e-04|2.1820e-04|-2.3596e-05|-3.3156e-06|5.3268e-05|
|la|00005|414|6.2547e-05|-2.0750e-04|2.1828e-04|-2.2531e-05|-6.2715e-07|4.2285e-05|
|la|00005|416|6.2514e-05|-2.0593e-04|2.1834e-04|-2.1904e-05|1.9727e-06|3.2280e-05|
|la|00005|418|6.2475e-05|-2.0460e-04|2.1840e-04|-2.1668e-05|4.2589e-06|2.3261e-05|
|la|00005|420|6.2434e-05|-2.0350e-04|2.1843e-04|-2.1735e-05|6.0766e-06|1.5159e-05|
